{"total": {"lines":{"total":623,"covered":251,"skipped":0,"pct":40.28},"statements":{"total":654,"covered":271,"skipped":0,"pct":41.43},"functions":{"total":239,"covered":106,"skipped":0,"pct":44.35},"branches":{"total":455,"covered":218,"skipped":0,"pct":47.91},"branchesTrue":{"total":0,"covered":0,"skipped":0,"pct":100}}
,"/app/src/charts/transformer.ts": {"lines":{"total":23,"covered":12,"skipped":0,"pct":52.17},"functions":{"total":21,"covered":10,"skipped":0,"pct":47.61},"statements":{"total":23,"covered":12,"skipped":0,"pct":52.17},"branches":{"total":3,"covered":2,"skipped":0,"pct":66.66}}
,"/app/src/charts/transformers/base.ts": {"lines":{"total":0,"covered":0,"skipped":0,"pct":100},"functions":{"total":0,"covered":0,"skipped":0,"pct":100},"statements":{"total":0,"covered":0,"skipped":0,"pct":100},"branches":{"total":0,"covered":0,"skipped":0,"pct":100}}
,"/app/src/charts/transformers/boxplot.ts": {"lines":{"total":20,"covered":18,"skipped":0,"pct":90},"functions":{"total":11,"covered":10,"skipped":0,"pct":90.9},"statements":{"total":21,"covered":19,"skipped":0,"pct":90.47},"branches":{"total":18,"covered":9,"skipped":0,"pct":50}}
,"/app/src/charts/transformers/calendar.ts": {"lines":{"total":26,"covered":0,"skipped":0,"pct":0},"functions":{"total":11,"covered":0,"skipped":0,"pct":0},"statements":{"total":30,"covered":0,"skipped":0,"pct":0},"branches":{"total":20,"covered":0,"skipped":0,"pct":0}}
,"/app/src/charts/transformers/candlestick.ts": {"lines":{"total":25,"covered":25,"skipped":0,"pct":100},"functions":{"total":5,"covered":5,"skipped":0,"pct":100},"statements":{"total":26,"covered":26,"skipped":0,"pct":100},"branches":{"total":32,"covered":30,"skipped":0,"pct":93.75}}
,"/app/src/charts/transformers/cartesian.ts": {"lines":{"total":29,"covered":29,"skipped":0,"pct":100},"functions":{"total":8,"covered":8,"skipped":0,"pct":100},"statements":{"total":29,"covered":29,"skipped":0,"pct":100},"branches":{"total":45,"covered":37,"skipped":0,"pct":82.22}}
,"/app/src/charts/transformers/funnel.ts": {"lines":{"total":9,"covered":0,"skipped":0,"pct":0},"functions":{"total":3,"covered":0,"skipped":0,"pct":0},"statements":{"total":9,"covered":0,"skipped":0,"pct":0},"branches":{"total":8,"covered":0,"skipped":0,"pct":0}}
,"/app/src/charts/transformers/gauge.ts": {"lines":{"total":7,"covered":0,"skipped":0,"pct":0},"functions":{"total":2,"covered":0,"skipped":0,"pct":0},"statements":{"total":7,"covered":0,"skipped":0,"pct":0},"branches":{"total":6,"covered":0,"skipped":0,"pct":0}}
,"/app/src/charts/transformers/graph.ts": {"lines":{"total":29,"covered":29,"skipped":0,"pct":100},"functions":{"total":14,"covered":14,"skipped":0,"pct":100},"statements":{"total":34,"covered":34,"skipped":0,"pct":100},"branches":{"total":18,"covered":18,"skipped":0,"pct":100}}
,"/app/src/charts/transformers/heatmap.ts": {"lines":{"total":18,"covered":18,"skipped":0,"pct":100},"functions":{"total":5,"covered":5,"skipped":0,"pct":100},"statements":{"total":21,"covered":21,"skipped":0,"pct":100},"branches":{"total":22,"covered":17,"skipped":0,"pct":77.27}}
,"/app/src/charts/transformers/hierarchy.ts": {"lines":{"total":32,"covered":32,"skipped":0,"pct":100},"functions":{"total":15,"covered":15,"skipped":0,"pct":100},"statements":{"total":34,"covered":34,"skipped":0,"pct":100},"branches":{"total":24,"covered":22,"skipped":0,"pct":91.66}}
,"/app/src/charts/transformers/parallel.ts": {"lines":{"total":26,"covered":26,"skipped":0,"pct":100},"functions":{"total":18,"covered":18,"skipped":0,"pct":100},"statements":{"total":32,"covered":32,"skipped":0,"pct":100},"branches":{"total":24,"covered":21,"skipped":0,"pct":87.5}}
,"/app/src/charts/transformers/pie.ts": {"lines":{"total":9,"covered":9,"skipped":0,"pct":100},"functions":{"total":2,"covered":2,"skipped":0,"pct":100},"statements":{"total":9,"covered":9,"skipped":0,"pct":100},"branches":{"total":12,"covered":9,"skipped":0,"pct":75}}
,"/app/src/charts/transformers/radar.ts": {"lines":{"total":25,"covered":0,"skipped":0,"pct":0},"functions":{"total":9,"covered":0,"skipped":0,"pct":0},"statements":{"total":26,"covered":0,"skipped":0,"pct":0},"branches":{"total":22,"covered":0,"skipped":0,"pct":0}}
,"/app/src/charts/transformers/sankey.ts": {"lines":{"total":16,"covered":16,"skipped":0,"pct":100},"functions":{"total":6,"covered":6,"skipped":0,"pct":100},"statements":{"total":16,"covered":16,"skipped":0,"pct":100},"branches":{"total":10,"covered":10,"skipped":0,"pct":100}}
,"/app/src/charts/transformers/scatter.ts": {"lines":{"total":25,"covered":25,"skipped":0,"pct":100},"functions":{"total":7,"covered":7,"skipped":0,"pct":100},"statements":{"total":26,"covered":26,"skipped":0,"pct":100},"branches":{"total":36,"covered":25,"skipped":0,"pct":69.44}}
,"/app/src/charts/transformers/theme-river.ts": {"lines":{"total":15,"covered":0,"skipped":0,"pct":0},"functions":{"total":5,"covered":0,"skipped":0,"pct":0},"statements":{"total":15,"covered":0,"skipped":0,"pct":0},"branches":{"total":14,"covered":0,"skipped":0,"pct":0}}
,"/app/src/charts/transformers/treemap.ts": {"lines":{"total":9,"covered":9,"skipped":0,"pct":100},"functions":{"total":3,"covered":3,"skipped":0,"pct":100},"statements":{"total":10,"covered":10,"skipped":0,"pct":100},"branches":{"total":8,"covered":6,"skipped":0,"pct":75}}
,"/app/src/charts/transformers/utils.ts": {"lines":{"total":3,"covered":3,"skipped":0,"pct":100},"functions":{"total":3,"covered":3,"skipped":0,"pct":100},"statements":{"total":3,"covered":3,"skipped":0,"pct":100},"branches":{"total":19,"covered":12,"skipped":0,"pct":63.15}}
,"/app/src/views/area-chart-view.ts": {"lines":{"total":19,"covered":0,"skipped":0,"pct":0},"functions":{"total":4,"covered":0,"skipped":0,"pct":0},"statements":{"total":19,"covered":0,"skipped":0,"pct":0},"branches":{"total":8,"covered":0,"skipped":0,"pct":0}}
,"/app/src/views/bar-chart-view.ts": {"lines":{"total":14,"covered":0,"skipped":0,"pct":0},"functions":{"total":3,"covered":0,"skipped":0,"pct":0},"statements":{"total":14,"covered":0,"skipped":0,"pct":0},"branches":{"total":6,"covered":0,"skipped":0,"pct":0}}
,"/app/src/views/boxplot-chart-view.ts": {"lines":{"total":10,"covered":0,"skipped":0,"pct":0},"functions":{"total":3,"covered":0,"skipped":0,"pct":0},"statements":{"total":10,"covered":0,"skipped":0,"pct":0},"branches":{"total":4,"covered":0,"skipped":0,"pct":0}}
,"/app/src/views/bubble-chart-view.ts": {"lines":{"total":16,"covered":0,"skipped":0,"pct":0},"functions":{"total":4,"covered":0,"skipped":0,"pct":0},"statements":{"total":16,"covered":0,"skipped":0,"pct":0},"branches":{"total":8,"covered":0,"skipped":0,"pct":0}}
,"/app/src/views/calendar-chart-view.ts": {"lines":{"total":10,"covered":0,"skipped":0,"pct":0},"functions":{"total":6,"covered":0,"skipped":0,"pct":0},"statements":{"total":11,"covered":0,"skipped":0,"pct":0},"branches":{"total":2,"covered":0,"skipped":0,"pct":0}}
,"/app/src/views/candlestick-chart-view.ts": {"lines":{"total":20,"covered":0,"skipped":0,"pct":0},"functions":{"total":4,"covered":0,"skipped":0,"pct":0},"statements":{"total":20,"covered":0,"skipped":0,"pct":0},"branches":{"total":7,"covered":0,"skipped":0,"pct":0}}
,"/app/src/views/funnel-chart-view.ts": {"lines":{"total":12,"covered":0,"skipped":0,"pct":0},"functions":{"total":4,"covered":0,"skipped":0,"pct":0},"statements":{"total":12,"covered":0,"skipped":0,"pct":0},"branches":{"total":6,"covered":0,"skipped":0,"pct":0}}
,"/app/src/views/gauge-chart-view.ts": {"lines":{"total":9,"covered":0,"skipped":0,"pct":0},"functions":{"total":3,"covered":0,"skipped":0,"pct":0},"statements":{"total":9,"covered":0,"skipped":0,"pct":0},"branches":{"total":6,"covered":0,"skipped":0,"pct":0}}
,"/app/src/views/graph-chart-view.ts": {"lines":{"total":11,"covered":0,"skipped":0,"pct":0},"functions":{"total":3,"covered":0,"skipped":0,"pct":0},"statements":{"total":11,"covered":0,"skipped":0,"pct":0},"branches":{"total":4,"covered":0,"skipped":0,"pct":0}}
,"/app/src/views/heatmap-chart-view.ts": {"lines":{"total":14,"covered":0,"skipped":0,"pct":0},"functions":{"total":4,"covered":0,"skipped":0,"pct":0},"statements":{"total":14,"covered":0,"skipped":0,"pct":0},"branches":{"total":5,"covered":0,"skipped":0,"pct":0}}
,"/app/src/views/line-chart-view.ts": {"lines":{"total":19,"covered":0,"skipped":0,"pct":0},"functions":{"total":4,"covered":0,"skipped":0,"pct":0},"statements":{"total":19,"covered":0,"skipped":0,"pct":0},"branches":{"total":8,"covered":0,"skipped":0,"pct":0}}
,"/app/src/views/parallel-chart-view.ts": {"lines":{"total":8,"covered":0,"skipped":0,"pct":0},"functions":{"total":3,"covered":0,"skipped":0,"pct":0},"statements":{"total":8,"covered":0,"skipped":0,"pct":0},"branches":{"total":0,"covered":0,"skipped":0,"pct":100}}
,"/app/src/views/pie-chart-view.ts": {"lines":{"total":9,"covered":0,"skipped":0,"pct":0},"functions":{"total":3,"covered":0,"skipped":0,"pct":0},"statements":{"total":9,"covered":0,"skipped":0,"pct":0},"branches":{"total":4,"covered":0,"skipped":0,"pct":0}}
,"/app/src/views/radar-chart-view.ts": {"lines":{"total":15,"covered":0,"skipped":0,"pct":0},"functions":{"total":5,"covered":0,"skipped":0,"pct":0},"statements":{"total":17,"covered":0,"skipped":0,"pct":0},"branches":{"total":13,"covered":0,"skipped":0,"pct":0}}
,"/app/src/views/rose-chart-view.ts": {"lines":{"total":9,"covered":0,"skipped":0,"pct":0},"functions":{"total":3,"covered":0,"skipped":0,"pct":0},"statements":{"total":9,"covered":0,"skipped":0,"pct":0},"branches":{"total":4,"covered":0,"skipped":0,"pct":0}}
,"/app/src/views/sankey-chart-view.ts": {"lines":{"total":10,"covered":0,"skipped":0,"pct":0},"functions":{"total":4,"covered":0,"skipped":0,"pct":0},"statements":{"total":11,"covered":0,"skipped":0,"pct":0},"branches":{"total":4,"covered":0,"skipped":0,"pct":0}}
,"/app/src/views/scatter-chart-view.ts": {"lines":{"total":15,"covered":0,"skipped":0,"pct":0},"functions":{"total":4,"covered":0,"skipped":0,"pct":0},"statements":{"total":15,"covered":0,"skipped":0,"pct":0},"branches":{"total":6,"covered":0,"skipped":0,"pct":0}}
,"/app/src/views/stacked-bar-chart-view.ts": {"lines":{"total":14,"covered":0,"skipped":0,"pct":0},"functions":{"total":3,"covered":0,"skipped":0,"pct":0},"statements":{"total":14,"covered":0,"skipped":0,"pct":0},"branches":{"total":6,"covered":0,"skipped":0,"pct":0}}
,"/app/src/views/sunburst-chart-view.ts": {"lines":{"total":11,"covered":0,"skipped":0,"pct":0},"functions":{"total":6,"covered":0,"skipped":0,"pct":0},"statements":{"total":11,"covered":0,"skipped":0,"pct":0},"branches":{"total":2,"covered":0,"skipped":0,"pct":0}}
,"/app/src/views/theme-river-chart-view.ts": {"lines":{"total":12,"covered":0,"skipped":0,"pct":0},"functions":{"total":6,"covered":0,"skipped":0,"pct":0},"statements":{"total":13,"covered":0,"skipped":0,"pct":0},"branches":{"total":5,"covered":0,"skipped":0,"pct":0}}
,"/app/src/views/tree-chart-view.ts": {"lines":{"total":9,"covered":0,"skipped":0,"pct":0},"functions":{"total":6,"covered":0,"skipped":0,"pct":0},"statements":{"total":10,"covered":0,"skipped":0,"pct":0},"branches":{"total":2,"covered":0,"skipped":0,"pct":0}}
,"/app/src/views/treemap-chart-view.ts": {"lines":{"total":11,"covered":0,"skipped":0,"pct":0},"functions":{"total":6,"covered":0,"skipped":0,"pct":0},"statements":{"total":11,"covered":0,"skipped":0,"pct":0},"branches":{"total":4,"covered":0,"skipped":0,"pct":0}}
}
