{"/app/src/charts/transformer.ts": {"path":"/app/src/charts/transformer.ts","statementMap":{"0":{"start":{"line":92,"column":4},"end":{"line":113,"column":null}},"1":{"start":{"line":93,"column":30},"end":{"line":93,"column":null}},"2":{"start":{"line":94,"column":31},"end":{"line":94,"column":null}},"3":{"start":{"line":95,"column":30},"end":{"line":95,"column":null}},"4":{"start":{"line":96,"column":31},"end":{"line":96,"column":null}},"5":{"start":{"line":97,"column":33},"end":{"line":97,"column":null}},"6":{"start":{"line":98,"column":32},"end":{"line":98,"column":null}},"7":{"start":{"line":99,"column":28},"end":{"line":99,"column":null}},"8":{"start":{"line":100,"column":33},"end":{"line":100,"column":null}},"9":{"start":{"line":101,"column":34},"end":{"line":101,"column":null}},"10":{"start":{"line":102,"column":34},"end":{"line":102,"column":null}},"11":{"start":{"line":103,"column":34},"end":{"line":103,"column":null}},"12":{"start":{"line":104,"column":34},"end":{"line":104,"column":null}},"13":{"start":{"line":105,"column":34},"end":{"line":105,"column":null}},"14":{"start":{"line":106,"column":33},"end":{"line":106,"column":null}},"15":{"start":{"line":107,"column":32},"end":{"line":107,"column":null}},"16":{"start":{"line":108,"column":31},"end":{"line":108,"column":null}},"17":{"start":{"line":109,"column":27},"end":{"line":109,"column":null}},"18":{"start":{"line":110,"column":33},"end":{"line":110,"column":null}},"19":{"start":{"line":111,"column":31},"end":{"line":111,"column":null}},"20":{"start":{"line":112,"column":31},"end":{"line":112,"column":null}},"21":{"start":{"line":125,"column":24},"end":{"line":125,"column":null}},"22":{"start":{"line":127,"column":4},"end":{"line":129,"column":null}}},"fnMap":{"0":{"name":"(anonymous_0)","decl":{"start":{"line":93,"column":9},"end":{"line":93,"column":10}},"loc":{"start":{"line":93,"column":30},"end":{"line":93,"column":null}},"line":93},"1":{"name":"(anonymous_1)","decl":{"start":{"line":94,"column":10},"end":{"line":94,"column":11}},"loc":{"start":{"line":94,"column":31},"end":{"line":94,"column":null}},"line":94},"2":{"name":"(anonymous_2)","decl":{"start":{"line":95,"column":9},"end":{"line":95,"column":10}},"loc":{"start":{"line":95,"column":30},"end":{"line":95,"column":null}},"line":95},"3":{"name":"(anonymous_3)","decl":{"start":{"line":96,"column":10},"end":{"line":96,"column":11}},"loc":{"start":{"line":96,"column":31},"end":{"line":96,"column":null}},"line":96},"4":{"name":"(anonymous_4)","decl":{"start":{"line":97,"column":12},"end":{"line":97,"column":13}},"loc":{"start":{"line":97,"column":33},"end":{"line":97,"column":null}},"line":97},"5":{"name":"(anonymous_5)","decl":{"start":{"line":98,"column":11},"end":{"line":98,"column":12}},"loc":{"start":{"line":98,"column":32},"end":{"line":98,"column":null}},"line":98},"6":{"name":"(anonymous_6)","decl":{"start":{"line":99,"column":11},"end":{"line":99,"column":12}},"loc":{"start":{"line":99,"column":28},"end":{"line":99,"column":null}},"line":99},"7":{"name":"(anonymous_7)","decl":{"start":{"line":100,"column":12},"end":{"line":100,"column":13}},"loc":{"start":{"line":100,"column":33},"end":{"line":100,"column":null}},"line":100},"8":{"name":"(anonymous_8)","decl":{"start":{"line":101,"column":13},"end":{"line":101,"column":14}},"loc":{"start":{"line":101,"column":34},"end":{"line":101,"column":null}},"line":101},"9":{"name":"(anonymous_9)","decl":{"start":{"line":102,"column":13},"end":{"line":102,"column":14}},"loc":{"start":{"line":102,"column":34},"end":{"line":102,"column":null}},"line":102},"10":{"name":"(anonymous_10)","decl":{"start":{"line":103,"column":17},"end":{"line":103,"column":18}},"loc":{"start":{"line":103,"column":34},"end":{"line":103,"column":null}},"line":103},"11":{"name":"(anonymous_11)","decl":{"start":{"line":104,"column":13},"end":{"line":104,"column":14}},"loc":{"start":{"line":104,"column":34},"end":{"line":104,"column":null}},"line":104},"12":{"name":"(anonymous_12)","decl":{"start":{"line":105,"column":13},"end":{"line":105,"column":14}},"loc":{"start":{"line":105,"column":34},"end":{"line":105,"column":null}},"line":105},"13":{"name":"(anonymous_13)","decl":{"start":{"line":106,"column":12},"end":{"line":106,"column":13}},"loc":{"start":{"line":106,"column":33},"end":{"line":106,"column":null}},"line":106},"14":{"name":"(anonymous_14)","decl":{"start":{"line":107,"column":11},"end":{"line":107,"column":12}},"loc":{"start":{"line":107,"column":32},"end":{"line":107,"column":null}},"line":107},"15":{"name":"(anonymous_15)","decl":{"start":{"line":108,"column":14},"end":{"line":108,"column":15}},"loc":{"start":{"line":108,"column":31},"end":{"line":108,"column":null}},"line":108},"16":{"name":"(anonymous_16)","decl":{"start":{"line":109,"column":10},"end":{"line":109,"column":11}},"loc":{"start":{"line":109,"column":27},"end":{"line":109,"column":null}},"line":109},"17":{"name":"(anonymous_17)","decl":{"start":{"line":110,"column":16},"end":{"line":110,"column":17}},"loc":{"start":{"line":110,"column":33},"end":{"line":110,"column":null}},"line":110},"18":{"name":"(anonymous_18)","decl":{"start":{"line":111,"column":14},"end":{"line":111,"column":15}},"loc":{"start":{"line":111,"column":31},"end":{"line":111,"column":null}},"line":111},"19":{"name":"(anonymous_19)","decl":{"start":{"line":112,"column":14},"end":{"line":112,"column":15}},"loc":{"start":{"line":112,"column":31},"end":{"line":112,"column":null}},"line":112},"20":{"name":"transformDataToChartOption","decl":{"start":{"line":118,"column":16},"end":{"line":118,"column":null}},"loc":{"start":{"line":124,"column":17},"end":{"line":130,"column":null}},"line":124}},"branchMap":{"0":{"loc":{"start":{"line":122,"column":4},"end":{"line":122,"column":null}},"type":"default-arg","locations":[{"start":{"line":122,"column":27},"end":{"line":122,"column":null}}],"line":122},"1":{"loc":{"start":{"line":127,"column":11},"end":{"line":129,"column":null}},"type":"cond-expr","locations":[{"start":{"line":128,"column":10},"end":{"line":128,"column":null}},{"start":{"line":128,"column":49},"end":{"line":129,"column":null}}],"line":127}},"s":{"0":8,"1":0,"2":0,"3":0,"4":2,"5":0,"6":0,"7":0,"8":0,"9":0,"10":3,"11":3,"12":2,"13":2,"14":3,"15":3,"16":2,"17":2,"18":0,"19":0,"20":0,"21":22,"22":22},"f":{"0":0,"1":0,"2":0,"3":2,"4":0,"5":0,"6":0,"7":0,"8":0,"9":3,"10":3,"11":2,"12":2,"13":3,"14":3,"15":2,"16":2,"17":0,"18":0,"19":0,"20":22},"b":{"0":[22],"1":[22,0]},"meta":{"lastBranch":2,"lastFunction":21,"lastStatement":23,"seen":{"s:92:4:113:Infinity":0,"f:93:9:93:10":0,"s:93:30:93:Infinity":1,"f:94:10:94:11":1,"s:94:31:94:Infinity":2,"f:95:9:95:10":2,"s:95:30:95:Infinity":3,"f:96:10:96:11":3,"s:96:31:96:Infinity":4,"f:97:12:97:13":4,"s:97:33:97:Infinity":5,"f:98:11:98:12":5,"s:98:32:98:Infinity":6,"f:99:11:99:12":6,"s:99:28:99:Infinity":7,"f:100:12:100:13":7,"s:100:33:100:Infinity":8,"f:101:13:101:14":8,"s:101:34:101:Infinity":9,"f:102:13:102:14":9,"s:102:34:102:Infinity":10,"f:103:17:103:18":10,"s:103:34:103:Infinity":11,"f:104:13:104:14":11,"s:104:34:104:Infinity":12,"f:105:13:105:14":12,"s:105:34:105:Infinity":13,"f:106:12:106:13":13,"s:106:33:106:Infinity":14,"f:107:11:107:12":14,"s:107:32:107:Infinity":15,"f:108:14:108:15":15,"s:108:31:108:Infinity":16,"f:109:10:109:11":16,"s:109:27:109:Infinity":17,"f:110:16:110:17":17,"s:110:33:110:Infinity":18,"f:111:14:111:15":18,"s:111:31:111:Infinity":19,"f:112:14:112:15":19,"s:112:31:112:Infinity":20,"f:118:16:118:Infinity":20,"b:122:27:122:Infinity":0,"s:125:24:125:Infinity":21,"s:127:4:129:Infinity":22,"b:128:10:128:Infinity:128:49:129:Infinity":1}}}
,"/app/src/charts/transformers/base.ts": {"path":"/app/src/charts/transformers/base.ts","statementMap":{},"fnMap":{},"branchMap":{},"s":{},"f":{},"b":{},"meta":{"lastBranch":0,"lastFunction":0,"lastStatement":0,"seen":{}}}
,"/app/src/charts/transformers/boxplot.ts": {"path":"/app/src/charts/transformers/boxplot.ts","statementMap":{"0":{"start":{"line":18,"column":23},"end":{"line":18,"column":null}},"1":{"start":{"line":21,"column":22},"end":{"line":28,"column":null}},"2":{"start":{"line":24,"column":18},"end":{"line":24,"column":null}},"3":{"start":{"line":25,"column":12},"end":{"line":25,"column":null}},"4":{"start":{"line":32,"column":22},"end":{"line":58,"column":null}},"5":{"start":{"line":35,"column":12},"end":{"line":40,"column":null}},"6":{"start":{"line":38,"column":26},"end":{"line":38,"column":null}},"7":{"start":{"line":39,"column":20},"end":{"line":39,"column":null}},"8":{"start":{"line":43,"column":12},"end":{"line":56,"column":null}},"9":{"start":{"line":46,"column":26},"end":{"line":46,"column":null}},"10":{"start":{"line":47,"column":20},"end":{"line":47,"column":null}},"11":{"start":{"line":50,"column":20},"end":{"line":54,"column":null}},"12":{"start":{"line":52,"column":38},"end":{"line":52,"column":73}},"13":{"start":{"line":53,"column":40},"end":{"line":53,"column":58}},"14":{"start":{"line":61,"column":49},"end":{"line":81,"column":null}},"15":{"start":{"line":67,"column":28},"end":{"line":67,"column":null}},"16":{"start":{"line":67,"column":50},"end":{"line":67,"column":68}},"17":{"start":{"line":72,"column":18},"end":{"line":72,"column":null}},"18":{"start":{"line":74,"column":12},"end":{"line":79,"column":null}},"19":{"start":{"line":83,"column":31},"end":{"line":109,"column":null}},"20":{"start":{"line":110,"column":4},"end":{"line":110,"column":null}}},"fnMap":{"0":{"name":"createBoxplotChartOption","decl":{"start":{"line":12,"column":16},"end":{"line":12,"column":null}},"loc":{"start":{"line":17,"column":17},"end":{"line":111,"column":null}},"line":17},"1":{"name":"(anonymous_1)","decl":{"start":{"line":23,"column":14},"end":{"line":23,"column":22}},"loc":{"start":{"line":23,"column":22},"end":{"line":26,"column":9}},"line":23},"2":{"name":"(anonymous_2)","decl":{"start":{"line":34,"column":18},"end":{"line":34,"column":26}},"loc":{"start":{"line":34,"column":26},"end":{"line":41,"column":9}},"line":34},"3":{"name":"(anonymous_3)","decl":{"start":{"line":37,"column":19},"end":{"line":37,"column":25}},"loc":{"start":{"line":37,"column":25},"end":{"line":40,"column":19}},"line":37},"4":{"name":"(anonymous_4)","decl":{"start":{"line":42,"column":20},"end":{"line":42,"column":29}},"loc":{"start":{"line":42,"column":29},"end":{"line":57,"column":9}},"line":42},"5":{"name":"(anonymous_5)","decl":{"start":{"line":45,"column":26},"end":{"line":45,"column":34}},"loc":{"start":{"line":45,"column":34},"end":{"line":48,"column":17}},"line":45},"6":{"name":"(anonymous_6)","decl":{"start":{"line":49,"column":28},"end":{"line":49,"column":40}},"loc":{"start":{"line":49,"column":40},"end":{"line":55,"column":17}},"line":49},"7":{"name":"(anonymous_7)","decl":{"start":{"line":52,"column":30},"end":{"line":52,"column":38}},"loc":{"start":{"line":52,"column":38},"end":{"line":52,"column":73}},"line":52},"8":{"name":"(anonymous_8)","decl":{"start":{"line":53,"column":33},"end":{"line":53,"column":40}},"loc":{"start":{"line":53,"column":40},"end":{"line":53,"column":58}},"line":53},"9":{"name":"(anonymous_9)","decl":{"start":{"line":64,"column":14},"end":{"line":64,"column":15}},"loc":{"start":{"line":64,"column":35},"end":{"line":80,"column":9}},"line":64},"10":{"name":"(anonymous_10)","decl":{"start":{"line":67,"column":42},"end":{"line":67,"column":50}},"loc":{"start":{"line":67,"column":50},"end":{"line":67,"column":68}},"line":67}},"branchMap":{"0":{"loc":{"start":{"line":25,"column":19},"end":{"line":25,"column":null}},"type":"cond-expr","locations":[{"start":{"line":25,"column":63},"end":{"line":25,"column":75}},{"start":{"line":25,"column":63},"end":{"line":25,"column":null}}],"line":25},"1":{"loc":{"start":{"line":25,"column":19},"end":{"line":25,"column":63}},"type":"binary-expr","locations":[{"start":{"line":25,"column":19},"end":{"line":25,"column":44}},{"start":{"line":25,"column":44},"end":{"line":25,"column":63}}],"line":25},"2":{"loc":{"start":{"line":35,"column":19},"end":{"line":40,"column":null}},"type":"cond-expr","locations":[{"start":{"line":36,"column":18},"end":{"line":36,"column":null}},{"start":{"line":36,"column":18},"end":{"line":40,"column":null}}],"line":35},"3":{"loc":{"start":{"line":39,"column":27},"end":{"line":39,"column":null}},"type":"cond-expr","locations":[{"start":{"line":39,"column":65},"end":{"line":39,"column":78}},{"start":{"line":39,"column":65},"end":{"line":39,"column":null}}],"line":39},"4":{"loc":{"start":{"line":39,"column":27},"end":{"line":39,"column":65}},"type":"binary-expr","locations":[{"start":{"line":39,"column":27},"end":{"line":39,"column":49}},{"start":{"line":39,"column":49},"end":{"line":39,"column":65}}],"line":39},"5":{"loc":{"start":{"line":47,"column":27},"end":{"line":47,"column":null}},"type":"cond-expr","locations":[{"start":{"line":47,"column":71},"end":{"line":47,"column":83}},{"start":{"line":47,"column":71},"end":{"line":47,"column":null}}],"line":47},"6":{"loc":{"start":{"line":47,"column":27},"end":{"line":47,"column":71}},"type":"binary-expr","locations":[{"start":{"line":47,"column":27},"end":{"line":47,"column":52}},{"start":{"line":47,"column":52},"end":{"line":47,"column":71}}],"line":47},"7":{"loc":{"start":{"line":67,"column":50},"end":{"line":67,"column":68}},"type":"binary-expr","locations":[{"start":{"line":67,"column":50},"end":{"line":67,"column":66}},{"start":{"line":67,"column":66},"end":{"line":67,"column":68}}],"line":67},"8":{"loc":{"start":{"line":108,"column":12},"end":{"line":108,"column":null}},"type":"cond-expr","locations":[{"start":{"line":108,"column":30},"end":{"line":108,"column":47}},{"start":{"line":108,"column":47},"end":{"line":108,"column":null}}],"line":108}},"s":{"0":2,"1":2,"2":11,"3":11,"4":2,"5":11,"6":0,"7":0,"8":2,"9":11,"10":11,"11":3,"12":11,"13":11,"14":2,"15":2,"16":3,"17":2,"18":2,"19":2,"20":2},"f":{"0":2,"1":11,"2":11,"3":0,"4":2,"5":11,"6":3,"7":11,"8":11,"9":2,"10":3},"b":{"0":[0,11],"1":[11,11],"2":[11,0],"3":[0,0],"4":[0,0],"5":[0,11],"6":[11,11],"7":[3,0],"8":[0,2]},"meta":{"lastBranch":9,"lastFunction":11,"lastStatement":21,"seen":{"f:12:16:12:Infinity":0,"s:18:23:18:Infinity":0,"s:21:22:28:Infinity":1,"f:23:14:23:22":1,"s:24:18:24:Infinity":2,"s:25:12:25:Infinity":3,"b:25:63:25:75:25:63:25:Infinity":0,"b:25:19:25:44:25:44:25:63":1,"s:32:22:58:Infinity":4,"f:34:18:34:26":2,"s:35:12:40:Infinity":5,"b:36:18:36:Infinity:36:18:40:Infinity":2,"f:37:19:37:25":3,"s:38:26:38:Infinity":6,"s:39:20:39:Infinity":7,"b:39:65:39:78:39:65:39:Infinity":3,"b:39:27:39:49:39:49:39:65":4,"f:42:20:42:29":4,"s:43:12:56:Infinity":8,"f:45:26:45:34":5,"s:46:26:46:Infinity":9,"s:47:20:47:Infinity":10,"b:47:71:47:83:47:71:47:Infinity":5,"b:47:27:47:52:47:52:47:71":6,"f:49:28:49:40":6,"s:50:20:54:Infinity":11,"f:52:30:52:38":7,"s:52:38:52:73":12,"f:53:33:53:40":8,"s:53:40:53:58":13,"s:61:49:81:Infinity":14,"f:64:14:64:15":9,"s:67:28:67:Infinity":15,"f:67:42:67:50":10,"s:67:50:67:68":16,"b:67:50:67:66:67:66:67:68":7,"s:72:18:72:Infinity":17,"s:74:12:79:Infinity":18,"s:83:31:109:Infinity":19,"b:108:30:108:47:108:47:108:Infinity":8,"s:110:4:110:Infinity":20}}}
,"/app/src/charts/transformers/calendar.ts": {"path":"/app/src/charts/transformers/calendar.ts","statementMap":{"0":{"start":{"line":15,"column":22},"end":{"line":15,"column":null}},"1":{"start":{"line":17,"column":25},"end":{"line":32,"column":null}},"2":{"start":{"line":20,"column":18},"end":{"line":20,"column":null}},"3":{"start":{"line":21,"column":18},"end":{"line":21,"column":null}},"4":{"start":{"line":23,"column":12},"end":{"line":29,"column":null}},"5":{"start":{"line":26,"column":32},"end":{"line":26,"column":null}},"6":{"start":{"line":27,"column":37},"end":{"line":27,"column":null}},"7":{"start":{"line":28,"column":20},"end":{"line":28,"column":null}},"8":{"start":{"line":31,"column":62},"end":{"line":31,"column":72}},"9":{"start":{"line":34,"column":4},"end":{"line":99,"column":null}},"10":{"start":{"line":37,"column":24},"end":{"line":37,"column":null}},"11":{"start":{"line":38,"column":28},"end":{"line":38,"column":null}},"12":{"start":{"line":39,"column":12},"end":{"line":42,"column":null}},"13":{"start":{"line":45,"column":26},"end":{"line":45,"column":null}},"14":{"start":{"line":45,"column":51},"end":{"line":45,"column":57}},"15":{"start":{"line":46,"column":27},"end":{"line":46,"column":null}},"16":{"start":{"line":46,"column":52},"end":{"line":46,"column":59}},"17":{"start":{"line":49,"column":32},"end":{"line":49,"column":null}},"18":{"start":{"line":49,"column":53},"end":{"line":49,"column":54}},"19":{"start":{"line":50,"column":28},"end":{"line":50,"column":null}},"20":{"start":{"line":51,"column":28},"end":{"line":51,"column":null}},"21":{"start":{"line":53,"column":27},"end":{"line":53,"column":null}},"22":{"start":{"line":54,"column":27},"end":{"line":54,"column":null}},"23":{"start":{"line":57,"column":31},"end":{"line":57,"column":null}},"24":{"start":{"line":57,"column":56},"end":{"line":57,"column":73}},"25":{"start":{"line":59,"column":58},"end":{"line":69,"column":null}},"26":{"start":{"line":71,"column":52},"end":{"line":76,"column":null}},"27":{"start":{"line":78,"column":12},"end":{"line":98,"column":null}},"28":{"start":{"line":82,"column":35},"end":{"line":82,"column":null}},"29":{"start":{"line":83,"column":25},"end":{"line":85,"column":null}}},"fnMap":{"0":{"name":"createCalendarChartOption","decl":{"start":{"line":10,"column":16},"end":{"line":10,"column":null}},"loc":{"start":{"line":14,"column":17},"end":{"line":100,"column":null}},"line":14},"1":{"name":"(anonymous_1)","decl":{"start":{"line":19,"column":14},"end":{"line":19,"column":22}},"loc":{"start":{"line":19,"column":22},"end":{"line":30,"column":9}},"line":19},"2":{"name":"(anonymous_2)","decl":{"start":{"line":25,"column":19},"end":{"line":25,"column":25}},"loc":{"start":{"line":25,"column":25},"end":{"line":29,"column":19}},"line":25},"3":{"name":"(anonymous_3)","decl":{"start":{"line":31,"column":17},"end":{"line":31,"column":18}},"loc":{"start":{"line":31,"column":62},"end":{"line":31,"column":72}},"line":31},"4":{"name":"(anonymous_4)","decl":{"start":{"line":35,"column":11},"end":{"line":35,"column":17}},"loc":{"start":{"line":35,"column":17},"end":{"line":43,"column":11}},"line":35},"5":{"name":"(anonymous_5)","decl":{"start":{"line":44,"column":11},"end":{"line":44,"column":17}},"loc":{"start":{"line":44,"column":17},"end":{"line":99,"column":11}},"line":44},"6":{"name":"(anonymous_6)","decl":{"start":{"line":45,"column":46},"end":{"line":45,"column":51}},"loc":{"start":{"line":45,"column":51},"end":{"line":45,"column":57}},"line":45},"7":{"name":"(anonymous_7)","decl":{"start":{"line":46,"column":47},"end":{"line":46,"column":52}},"loc":{"start":{"line":46,"column":52},"end":{"line":46,"column":59}},"line":46},"8":{"name":"(anonymous_8)","decl":{"start":{"line":49,"column":48},"end":{"line":49,"column":53}},"loc":{"start":{"line":49,"column":53},"end":{"line":49,"column":54}},"line":49},"9":{"name":"(anonymous_9)","decl":{"start":{"line":57,"column":51},"end":{"line":57,"column":56}},"loc":{"start":{"line":57,"column":56},"end":{"line":57,"column":73}},"line":57},"10":{"name":"(anonymous_10)","decl":{"start":{"line":81,"column":31},"end":{"line":81,"column":32}},"loc":{"start":{"line":81,"column":52},"end":{"line":86,"column":null}},"line":81}},"branchMap":{"0":{"loc":{"start":{"line":23,"column":19},"end":{"line":29,"column":null}},"type":"cond-expr","locations":[{"start":{"line":24,"column":18},"end":{"line":24,"column":null}},{"start":{"line":24,"column":18},"end":{"line":29,"column":null}}],"line":23},"1":{"loc":{"start":{"line":26,"column":32},"end":{"line":26,"column":null}},"type":"cond-expr","locations":[{"start":{"line":26,"column":44},"end":{"line":26,"column":86}},{"start":{"line":26,"column":86},"end":{"line":26,"column":null}}],"line":26},"2":{"loc":{"start":{"line":27,"column":37},"end":{"line":27,"column":null}},"type":"cond-expr","locations":[{"start":{"line":27,"column":57},"end":{"line":27,"column":61}},{"start":{"line":27,"column":61},"end":{"line":27,"column":null}}],"line":27},"3":{"loc":{"start":{"line":34,"column":11},"end":{"line":99,"column":null}},"type":"cond-expr","locations":[{"start":{"line":34,"column":35},"end":{"line":43,"column":null}},{"start":{"line":43,"column":11},"end":{"line":99,"column":null}}],"line":34},"4":{"loc":{"start":{"line":50,"column":28},"end":{"line":50,"column":null}},"type":"binary-expr","locations":[{"start":{"line":50,"column":28},"end":{"line":50,"column":52}},{"start":{"line":50,"column":52},"end":{"line":50,"column":null}}],"line":50},"5":{"loc":{"start":{"line":51,"column":28},"end":{"line":51,"column":null}},"type":"binary-expr","locations":[{"start":{"line":51,"column":28},"end":{"line":51,"column":51}},{"start":{"line":51,"column":51},"end":{"line":51,"column":null}}],"line":51},"6":{"loc":{"start":{"line":53,"column":27},"end":{"line":53,"column":null}},"type":"cond-expr","locations":[{"start":{"line":53,"column":47},"end":{"line":53,"column":69}},{"start":{"line":53,"column":69},"end":{"line":53,"column":null}}],"line":53},"7":{"loc":{"start":{"line":54,"column":27},"end":{"line":54,"column":null}},"type":"cond-expr","locations":[{"start":{"line":54,"column":47},"end":{"line":54,"column":69}},{"start":{"line":54,"column":69},"end":{"line":54,"column":null}}],"line":54},"8":{"loc":{"start":{"line":83,"column":33},"end":{"line":85,"column":null}},"type":"cond-expr","locations":[{"start":{"line":84,"column":30},"end":{"line":84,"column":null}},{"start":{"line":85,"column":30},"end":{"line":85,"column":null}}],"line":83},"9":{"loc":{"start":{"line":83,"column":33},"end":{"line":83,"column":null}},"type":"binary-expr","locations":[{"start":{"line":83,"column":33},"end":{"line":83,"column":39}},{"start":{"line":83,"column":39},"end":{"line":83,"column":null}}],"line":83}},"s":{"0":0,"1":0,"2":0,"3":0,"4":0,"5":0,"6":0,"7":0,"8":0,"9":0,"10":0,"11":0,"12":0,"13":0,"14":0,"15":0,"16":0,"17":0,"18":0,"19":0,"20":0,"21":0,"22":0,"23":0,"24":0,"25":0,"26":0,"27":0,"28":0,"29":0},"f":{"0":0,"1":0,"2":0,"3":0,"4":0,"5":0,"6":0,"7":0,"8":0,"9":0,"10":0},"b":{"0":[0,0],"1":[0,0],"2":[0,0],"3":[0,0],"4":[0,0],"5":[0,0],"6":[0,0],"7":[0,0],"8":[0,0],"9":[0,0]},"meta":{"lastBranch":10,"lastFunction":11,"lastStatement":30,"seen":{"f:10:16:10:Infinity":0,"s:15:22:15:Infinity":0,"s:17:25:32:Infinity":1,"f:19:14:19:22":1,"s:20:18:20:Infinity":2,"s:21:18:21:Infinity":3,"s:23:12:29:Infinity":4,"b:24:18:24:Infinity:24:18:29:Infinity":0,"f:25:19:25:25":2,"s:26:32:26:Infinity":5,"b:26:44:26:86:26:86:26:Infinity":1,"s:27:37:27:Infinity":6,"b:27:57:27:61:27:61:27:Infinity":2,"s:28:20:28:Infinity":7,"f:31:17:31:18":3,"s:31:62:31:72":8,"s:34:4:99:Infinity":9,"b:34:35:43:Infinity:43:11:99:Infinity":3,"f:35:11:35:17":4,"s:37:24:37:Infinity":10,"s:38:28:38:Infinity":11,"s:39:12:42:Infinity":12,"f:44:11:44:17":5,"s:45:26:45:Infinity":13,"f:45:46:45:51":6,"s:45:51:45:57":14,"s:46:27:46:Infinity":15,"f:46:47:46:52":7,"s:46:52:46:59":16,"s:49:32:49:Infinity":17,"f:49:48:49:53":8,"s:49:53:49:54":18,"s:50:28:50:Infinity":19,"b:50:28:50:52:50:52:50:Infinity":4,"s:51:28:51:Infinity":20,"b:51:28:51:51:51:51:51:Infinity":5,"s:53:27:53:Infinity":21,"b:53:47:53:69:53:69:53:Infinity":6,"s:54:27:54:Infinity":22,"b:54:47:54:69:54:69:54:Infinity":7,"s:57:31:57:Infinity":23,"f:57:51:57:56":9,"s:57:56:57:73":24,"s:59:58:69:Infinity":25,"s:71:52:76:Infinity":26,"s:78:12:98:Infinity":27,"f:81:31:81:32":10,"s:82:35:82:Infinity":28,"s:83:25:85:Infinity":29,"b:84:30:84:Infinity:85:30:85:Infinity":8,"b:83:33:83:39:83:39:83:Infinity":9}}}
,"/app/src/charts/transformers/candlestick.ts": {"path":"/app/src/charts/transformers/candlestick.ts","statementMap":{"0":{"start":{"line":18,"column":21},"end":{"line":18,"column":null}},"1":{"start":{"line":19,"column":22},"end":{"line":19,"column":null}},"2":{"start":{"line":20,"column":20},"end":{"line":20,"column":null}},"3":{"start":{"line":21,"column":21},"end":{"line":21,"column":null}},"4":{"start":{"line":22,"column":23},"end":{"line":22,"column":null}},"5":{"start":{"line":23,"column":24},"end":{"line":23,"column":null}},"6":{"start":{"line":27,"column":27},"end":{"line":63,"column":null}},"7":{"start":{"line":30,"column":18},"end":{"line":30,"column":null}},"8":{"start":{"line":32,"column":18},"end":{"line":32,"column":null}},"9":{"start":{"line":33,"column":18},"end":{"line":33,"column":null}},"10":{"start":{"line":34,"column":18},"end":{"line":34,"column":null}},"11":{"start":{"line":35,"column":18},"end":{"line":35,"column":null}},"12":{"start":{"line":38,"column":35},"end":{"line":41,"column":null}},"13":{"start":{"line":43,"column":12},"end":{"line":60,"column":null}},"14":{"start":{"line":45,"column":36},"end":{"line":45,"column":null}},"15":{"start":{"line":46,"column":37},"end":{"line":46,"column":null}},"16":{"start":{"line":47,"column":35},"end":{"line":47,"column":null}},"17":{"start":{"line":48,"column":36},"end":{"line":48,"column":null}},"18":{"start":{"line":50,"column":34},"end":{"line":50,"column":null}},"19":{"start":{"line":52,"column":20},"end":{"line":58,"column":null}},"20":{"start":{"line":62,"column":100},"end":{"line":62,"column":110}},"21":{"start":{"line":66,"column":22},"end":{"line":66,"column":null}},"22":{"start":{"line":66,"column":46},"end":{"line":66,"column":49}},"23":{"start":{"line":69,"column":48},"end":{"line":83,"column":null}},"24":{"start":{"line":85,"column":31},"end":{"line":126,"column":null}},"25":{"start":{"line":128,"column":4},"end":{"line":128,"column":null}}},"fnMap":{"0":{"name":"createCandlestickChartOption","decl":{"start":{"line":13,"column":16},"end":{"line":13,"column":null}},"loc":{"start":{"line":17,"column":17},"end":{"line":129,"column":null}},"line":17},"1":{"name":"(anonymous_1)","decl":{"start":{"line":29,"column":14},"end":{"line":29,"column":22}},"loc":{"start":{"line":29,"column":22},"end":{"line":61,"column":9}},"line":29},"2":{"name":"(anonymous_2)","decl":{"start":{"line":44,"column":19},"end":{"line":44,"column":25}},"loc":{"start":{"line":44,"column":25},"end":{"line":59,"column":19}},"line":44},"3":{"name":"(anonymous_3)","decl":{"start":{"line":62,"column":17},"end":{"line":62,"column":18}},"loc":{"start":{"line":62,"column":100},"end":{"line":62,"column":110}},"line":62},"4":{"name":"(anonymous_4)","decl":{"start":{"line":66,"column":41},"end":{"line":66,"column":46}},"loc":{"start":{"line":66,"column":46},"end":{"line":66,"column":49}},"line":66}},"branchMap":{"0":{"loc":{"start":{"line":18,"column":21},"end":{"line":18,"column":null}},"type":"binary-expr","locations":[{"start":{"line":18,"column":21},"end":{"line":18,"column":42}},{"start":{"line":18,"column":42},"end":{"line":18,"column":null}}],"line":18},"1":{"loc":{"start":{"line":19,"column":22},"end":{"line":19,"column":null}},"type":"binary-expr","locations":[{"start":{"line":19,"column":22},"end":{"line":19,"column":44}},{"start":{"line":19,"column":44},"end":{"line":19,"column":null}}],"line":19},"2":{"loc":{"start":{"line":20,"column":20},"end":{"line":20,"column":null}},"type":"binary-expr","locations":[{"start":{"line":20,"column":20},"end":{"line":20,"column":40}},{"start":{"line":20,"column":40},"end":{"line":20,"column":null}}],"line":20},"3":{"loc":{"start":{"line":21,"column":21},"end":{"line":21,"column":null}},"type":"binary-expr","locations":[{"start":{"line":21,"column":21},"end":{"line":21,"column":42}},{"start":{"line":21,"column":42},"end":{"line":21,"column":null}}],"line":21},"4":{"loc":{"start":{"line":22,"column":23},"end":{"line":22,"column":null}},"type":"binary-expr","locations":[{"start":{"line":22,"column":23},"end":{"line":22,"column":46}},{"start":{"line":22,"column":46},"end":{"line":22,"column":null}}],"line":22},"5":{"loc":{"start":{"line":23,"column":24},"end":{"line":23,"column":null}},"type":"binary-expr","locations":[{"start":{"line":23,"column":24},"end":{"line":23,"column":53}},{"start":{"line":23,"column":53},"end":{"line":23,"column":null}}],"line":23},"6":{"loc":{"start":{"line":38,"column":35},"end":{"line":41,"column":null}},"type":"binary-expr","locations":[{"start":{"line":38,"column":35},"end":{"line":38,"column":55}},{"start":{"line":38,"column":55},"end":{"line":38,"column":null}},{"start":{"line":39,"column":35},"end":{"line":39,"column":56}},{"start":{"line":39,"column":56},"end":{"line":39,"column":null}},{"start":{"line":40,"column":35},"end":{"line":40,"column":54}},{"start":{"line":40,"column":54},"end":{"line":40,"column":null}},{"start":{"line":41,"column":35},"end":{"line":41,"column":55}},{"start":{"line":41,"column":55},"end":{"line":41,"column":null}}],"line":38},"7":{"loc":{"start":{"line":43,"column":19},"end":{"line":60,"column":null}},"type":"cond-expr","locations":[{"start":{"line":43,"column":19},"end":{"line":59,"column":null}},{"start":{"line":60,"column":18},"end":{"line":60,"column":null}}],"line":43},"8":{"loc":{"start":{"line":50,"column":34},"end":{"line":50,"column":null}},"type":"binary-expr","locations":[{"start":{"line":50,"column":34},"end":{"line":50,"column":60}},{"start":{"line":50,"column":60},"end":{"line":50,"column":87}},{"start":{"line":50,"column":87},"end":{"line":50,"column":112}},{"start":{"line":50,"column":112},"end":{"line":50,"column":null}}],"line":50},"9":{"loc":{"start":{"line":52,"column":27},"end":{"line":58,"column":null}},"type":"cond-expr","locations":[{"start":{"line":52,"column":35},"end":{"line":58,"column":24}},{"start":{"line":58,"column":24},"end":{"line":58,"column":null}}],"line":52},"10":{"loc":{"start":{"line":53,"column":27},"end":{"line":53,"column":null}},"type":"cond-expr","locations":[{"start":{"line":53,"column":71},"end":{"line":53,"column":83}},{"start":{"line":53,"column":71},"end":{"line":53,"column":null}}],"line":53},"11":{"loc":{"start":{"line":53,"column":27},"end":{"line":53,"column":71}},"type":"binary-expr","locations":[{"start":{"line":53,"column":27},"end":{"line":53,"column":52}},{"start":{"line":53,"column":52},"end":{"line":53,"column":71}}],"line":53}},"s":{"0":4,"1":4,"2":4,"3":4,"4":4,"5":4,"6":4,"7":10,"8":10,"9":10,"10":10,"11":10,"12":10,"13":10,"14":8,"15":8,"16":8,"17":8,"18":8,"19":8,"20":10,"21":4,"22":8,"23":4,"24":4,"25":4},"f":{"0":4,"1":10,"2":8,"3":10,"4":8},"b":{"0":[4,2],"1":[4,2],"2":[4,2],"3":[4,2],"4":[4,4],"5":[4,4],"6":[10,9,9,9,9,9,8,8],"7":[8,2],"8":[8,8,8,8],"9":[8,0],"10":[0,8],"11":[8,8]},"meta":{"lastBranch":12,"lastFunction":5,"lastStatement":26,"seen":{"f:13:16:13:Infinity":0,"s:18:21:18:Infinity":0,"b:18:21:18:42:18:42:18:Infinity":0,"s:19:22:19:Infinity":1,"b:19:22:19:44:19:44:19:Infinity":1,"s:20:20:20:Infinity":2,"b:20:20:20:40:20:40:20:Infinity":2,"s:21:21:21:Infinity":3,"b:21:21:21:42:21:42:21:Infinity":3,"s:22:23:22:Infinity":4,"b:22:23:22:46:22:46:22:Infinity":4,"s:23:24:23:Infinity":5,"b:23:24:23:53:23:53:23:Infinity":5,"s:27:27:63:Infinity":6,"f:29:14:29:22":1,"s:30:18:30:Infinity":7,"s:32:18:32:Infinity":8,"s:33:18:33:Infinity":9,"s:34:18:34:Infinity":10,"s:35:18:35:Infinity":11,"s:38:35:41:Infinity":12,"b:38:35:38:55:38:55:38:Infinity:39:35:39:56:39:56:39:Infinity:40:35:40:54:40:54:40:Infinity:41:35:41:55:41:55:41:Infinity":6,"s:43:12:60:Infinity":13,"b:43:19:59:Infinity:60:18:60:Infinity":7,"f:44:19:44:25":2,"s:45:36:45:Infinity":14,"s:46:37:46:Infinity":15,"s:47:35:47:Infinity":16,"s:48:36:48:Infinity":17,"s:50:34:50:Infinity":18,"b:50:34:50:60:50:60:50:87:50:87:50:112:50:112:50:Infinity":8,"s:52:20:58:Infinity":19,"b:52:35:58:24:58:24:58:Infinity":9,"b:53:71:53:83:53:71:53:Infinity":10,"b:53:27:53:52:53:52:53:71":11,"f:62:17:62:18":3,"s:62:100:62:110":20,"s:66:22:66:Infinity":21,"f:66:41:66:46":4,"s:66:46:66:49":22,"s:69:48:83:Infinity":23,"s:85:31:126:Infinity":24,"s:128:4:128:Infinity":25}}}
,"/app/src/charts/transformers/cartesian.ts": {"path":"/app/src/charts/transformers/cartesian.ts","statementMap":{"0":{"start":{"line":21,"column":23},"end":{"line":21,"column":null}},"1":{"start":{"line":22,"column":22},"end":{"line":22,"column":null}},"2":{"start":{"line":23,"column":21},"end":{"line":23,"column":null}},"3":{"start":{"line":24,"column":23},"end":{"line":24,"column":null}},"4":{"start":{"line":25,"column":23},"end":{"line":25,"column":null}},"5":{"start":{"line":26,"column":24},"end":{"line":26,"column":null}},"6":{"start":{"line":30,"column":27},"end":{"line":40,"column":null}},"7":{"start":{"line":31,"column":14},"end":{"line":31,"column":null}},"8":{"start":{"line":32,"column":24},"end":{"line":32,"column":null}},"9":{"start":{"line":33,"column":24},"end":{"line":33,"column":null}},"10":{"start":{"line":35,"column":8},"end":{"line":39,"column":null}},"11":{"start":{"line":44,"column":22},"end":{"line":48,"column":null}},"12":{"start":{"line":46,"column":19},"end":{"line":46,"column":22}},"13":{"start":{"line":51,"column":24},"end":{"line":55,"column":null}},"14":{"start":{"line":53,"column":19},"end":{"line":53,"column":22}},"15":{"start":{"line":58,"column":50},"end":{"line":58,"column":null}},"16":{"start":{"line":62,"column":53},"end":{"line":69,"column":null}},"17":{"start":{"line":63,"column":35},"end":{"line":68,"column":10}},"18":{"start":{"line":71,"column":47},"end":{"line":71,"column":null}},"19":{"start":{"line":74,"column":42},"end":{"line":110,"column":null}},"20":{"start":{"line":77,"column":29},"end":{"line":77,"column":null}},"21":{"start":{"line":79,"column":21},"end":{"line":88,"column":null}},"22":{"start":{"line":90,"column":8},"end":{"line":109,"column":null}},"23":{"start":{"line":92,"column":52},"end":{"line":99,"column":null}},"24":{"start":{"line":100,"column":17},"end":{"line":100,"column":null}},"25":{"start":{"line":103,"column":49},"end":{"line":107,"column":null}},"26":{"start":{"line":108,"column":16},"end":{"line":108,"column":null}},"27":{"start":{"line":112,"column":31},"end":{"line":150,"column":null}},"28":{"start":{"line":152,"column":4},"end":{"line":152,"column":null}}},"fnMap":{"0":{"name":"createCartesianChartOption","decl":{"start":{"line":14,"column":16},"end":{"line":14,"column":null}},"loc":{"start":{"line":20,"column":17},"end":{"line":153,"column":null}},"line":20},"1":{"name":"(anonymous_1)","decl":{"start":{"line":30,"column":39},"end":{"line":30,"column":40}},"loc":{"start":{"line":30,"column":49},"end":{"line":40,"column":5}},"line":30},"2":{"name":"(anonymous_2)","decl":{"start":{"line":46,"column":14},"end":{"line":46,"column":19}},"loc":{"start":{"line":46,"column":19},"end":{"line":46,"column":22}},"line":46},"3":{"name":"(anonymous_3)","decl":{"start":{"line":53,"column":14},"end":{"line":53,"column":19}},"loc":{"start":{"line":53,"column":19},"end":{"line":53,"column":22}},"line":53},"4":{"name":"(anonymous_4)","decl":{"start":{"line":63,"column":26},"end":{"line":63,"column":35}},"loc":{"start":{"line":63,"column":35},"end":{"line":68,"column":10}},"line":63},"5":{"name":"(anonymous_5)","decl":{"start":{"line":74,"column":58},"end":{"line":74,"column":59}},"loc":{"start":{"line":74,"column":73},"end":{"line":110,"column":5}},"line":74},"6":{"name":"(anonymous_6)","decl":{"start":{"line":91,"column":15},"end":{"line":91,"column":21}},"loc":{"start":{"line":91,"column":21},"end":{"line":101,"column":15}},"line":91},"7":{"name":"(anonymous_7)","decl":{"start":{"line":102,"column":15},"end":{"line":102,"column":21}},"loc":{"start":{"line":102,"column":21},"end":{"line":109,"column":15}},"line":102}},"branchMap":{"0":{"loc":{"start":{"line":23,"column":21},"end":{"line":23,"column":null}},"type":"binary-expr","locations":[{"start":{"line":23,"column":21},"end":{"line":23,"column":42}},{"start":{"line":23,"column":42},"end":{"line":23,"column":null}}],"line":23},"1":{"loc":{"start":{"line":24,"column":23},"end":{"line":24,"column":null}},"type":"binary-expr","locations":[{"start":{"line":24,"column":23},"end":{"line":24,"column":46}},{"start":{"line":24,"column":46},"end":{"line":24,"column":null}}],"line":24},"2":{"loc":{"start":{"line":25,"column":23},"end":{"line":25,"column":null}},"type":"binary-expr","locations":[{"start":{"line":25,"column":23},"end":{"line":25,"column":46}},{"start":{"line":25,"column":46},"end":{"line":25,"column":null}}],"line":25},"3":{"loc":{"start":{"line":26,"column":24},"end":{"line":26,"column":null}},"type":"binary-expr","locations":[{"start":{"line":26,"column":24},"end":{"line":26,"column":53}},{"start":{"line":26,"column":53},"end":{"line":26,"column":null}}],"line":26},"4":{"loc":{"start":{"line":33,"column":24},"end":{"line":33,"column":null}},"type":"cond-expr","locations":[{"start":{"line":33,"column":24},"end":{"line":33,"column":72}},{"start":{"line":33,"column":72},"end":{"line":33,"column":null}}],"line":33},"5":{"loc":{"start":{"line":36,"column":15},"end":{"line":36,"column":null}},"type":"cond-expr","locations":[{"start":{"line":36,"column":59},"end":{"line":36,"column":71}},{"start":{"line":36,"column":59},"end":{"line":36,"column":null}}],"line":36},"6":{"loc":{"start":{"line":36,"column":15},"end":{"line":36,"column":59}},"type":"binary-expr","locations":[{"start":{"line":36,"column":15},"end":{"line":36,"column":40}},{"start":{"line":36,"column":40},"end":{"line":36,"column":59}}],"line":36},"7":{"loc":{"start":{"line":37,"column":15},"end":{"line":37,"column":null}},"type":"cond-expr","locations":[{"start":{"line":37,"column":39},"end":{"line":37,"column":46}},{"start":{"line":37,"column":46},"end":{"line":37,"column":null}}],"line":37},"8":{"loc":{"start":{"line":38,"column":15},"end":{"line":38,"column":null}},"type":"cond-expr","locations":[{"start":{"line":38,"column":66},"end":{"line":38,"column":97}},{"start":{"line":38,"column":97},"end":{"line":38,"column":null}}],"line":38},"9":{"loc":{"start":{"line":38,"column":15},"end":{"line":38,"column":73}},"type":"binary-expr","locations":[{"start":{"line":38,"column":15},"end":{"line":38,"column":29}},{"start":{"line":38,"column":29},"end":{"line":38,"column":54}},{"start":{"line":38,"column":54},"end":{"line":38,"column":73}}],"line":38},"10":{"loc":{"start":{"line":62,"column":53},"end":{"line":69,"column":null}},"type":"cond-expr","locations":[{"start":{"line":63,"column":10},"end":{"line":68,"column":null}},{"start":{"line":69,"column":10},"end":{"line":69,"column":null}}],"line":62},"11":{"loc":{"start":{"line":77,"column":29},"end":{"line":77,"column":null}},"type":"cond-expr","locations":[{"start":{"line":77,"column":42},"end":{"line":77,"column":52}},{"start":{"line":77,"column":52},"end":{"line":77,"column":null}}],"line":77},"12":{"loc":{"start":{"line":85,"column":20},"end":{"line":87,"column":null}},"type":"cond-expr","locations":[{"start":{"line":86,"column":18},"end":{"line":86,"column":null}},{"start":{"line":87,"column":18},"end":{"line":87,"column":null}}],"line":85},"13":{"loc":{"start":{"line":90,"column":15},"end":{"line":109,"column":null}},"type":"cond-expr","locations":[{"start":{"line":90,"column":29},"end":{"line":101,"column":null}},{"start":{"line":101,"column":15},"end":{"line":109,"column":null}}],"line":90},"14":{"loc":{"start":{"line":95,"column":25},"end":{"line":95,"column":null}},"type":"cond-expr","locations":[{"start":{"line":95,"column":43},"end":{"line":95,"column":62}},{"start":{"line":95,"column":62},"end":{"line":95,"column":null}}],"line":95},"15":{"loc":{"start":{"line":96,"column":25},"end":{"line":96,"column":null}},"type":"cond-expr","locations":[{"start":{"line":96,"column":57},"end":{"line":96,"column":81}},{"start":{"line":96,"column":81},"end":{"line":96,"column":null}}],"line":96},"16":{"loc":{"start":{"line":97,"column":25},"end":{"line":97,"column":null}},"type":"cond-expr","locations":[{"start":{"line":97,"column":46},"end":{"line":97,"column":66}},{"start":{"line":97,"column":66},"end":{"line":97,"column":null}}],"line":97},"17":{"loc":{"start":{"line":98,"column":25},"end":{"line":98,"column":null}},"type":"cond-expr","locations":[{"start":{"line":98,"column":37},"end":{"line":98,"column":58}},{"start":{"line":98,"column":58},"end":{"line":98,"column":null}}],"line":98},"18":{"loc":{"start":{"line":106,"column":24},"end":{"line":106,"column":null}},"type":"cond-expr","locations":[{"start":{"line":106,"column":36},"end":{"line":106,"column":57}},{"start":{"line":106,"column":57},"end":{"line":106,"column":null}}],"line":106},"19":{"loc":{"start":{"line":114,"column":15},"end":{"line":127,"column":null}},"type":"cond-expr","locations":[{"start":{"line":115,"column":14},"end":{"line":118,"column":null}},{"start":{"line":119,"column":14},"end":{"line":127,"column":null}}],"line":114},"20":{"loc":{"start":{"line":128,"column":15},"end":{"line":141,"column":null}},"type":"cond-expr","locations":[{"start":{"line":129,"column":14},"end":{"line":137,"column":null}},{"start":{"line":138,"column":14},"end":{"line":141,"column":null}}],"line":128},"21":{"loc":{"start":{"line":149,"column":12},"end":{"line":149,"column":null}},"type":"cond-expr","locations":[{"start":{"line":149,"column":30},"end":{"line":149,"column":47}},{"start":{"line":149,"column":47},"end":{"line":149,"column":null}}],"line":149}},"s":{"0":6,"1":6,"2":6,"3":6,"4":6,"5":6,"6":6,"7":18,"8":18,"9":18,"10":18,"11":6,"12":18,"13":6,"14":18,"15":6,"16":6,"17":2,"18":6,"19":6,"20":7,"21":7,"22":7,"23":2,"24":2,"25":5,"26":5,"27":6,"28":6},"f":{"0":6,"1":18,"2":18,"3":18,"4":2,"5":7,"6":2,"7":5},"b":{"0":[6,4],"1":[6,4],"2":[6,4],"3":[6,5],"4":[4,14],"5":[0,18],"6":[18,18],"7":[0,18],"8":[4,14],"9":[18,4,4],"10":[1,5],"11":[2,5],"12":[2,5],"13":[2,5],"14":[0,2],"15":[0,2],"16":[0,2],"17":[0,2],"18":[0,5],"19":[2,4],"20":[2,4],"21":[0,6]},"meta":{"lastBranch":22,"lastFunction":8,"lastStatement":29,"seen":{"f:14:16:14:Infinity":0,"s:21:23:21:Infinity":0,"s:22:22:22:Infinity":1,"s:23:21:23:Infinity":2,"b:23:21:23:42:23:42:23:Infinity":0,"s:24:23:24:Infinity":3,"b:24:23:24:46:24:46:24:Infinity":1,"s:25:23:25:Infinity":4,"b:25:23:25:46:25:46:25:Infinity":2,"s:26:24:26:Infinity":5,"b:26:24:26:53:26:53:26:Infinity":3,"s:30:27:40:Infinity":6,"f:30:39:30:40":1,"s:31:14:31:Infinity":7,"s:32:24:32:Infinity":8,"s:33:24:33:Infinity":9,"b:33:24:33:72:33:72:33:Infinity":4,"s:35:8:39:Infinity":10,"b:36:59:36:71:36:59:36:Infinity":5,"b:36:15:36:40:36:40:36:59":6,"b:37:39:37:46:37:46:37:Infinity":7,"b:38:66:38:97:38:97:38:Infinity":8,"b:38:15:38:29:38:29:38:54:38:54:38:73":9,"s:44:22:48:Infinity":11,"f:46:14:46:19":2,"s:46:19:46:22":12,"s:51:24:55:Infinity":13,"f:53:14:53:19":3,"s:53:19:53:22":14,"s:58:50:58:Infinity":15,"s:62:53:69:Infinity":16,"b:63:10:68:Infinity:69:10:69:Infinity":10,"f:63:26:63:35":4,"s:63:35:68:10":17,"s:71:47:71:Infinity":18,"s:74:42:110:Infinity":19,"f:74:58:74:59":5,"s:77:29:77:Infinity":20,"b:77:42:77:52:77:52:77:Infinity":11,"s:79:21:88:Infinity":21,"b:86:18:86:Infinity:87:18:87:Infinity":12,"s:90:8:109:Infinity":22,"b:90:29:101:Infinity:101:15:109:Infinity":13,"f:91:15:91:21":6,"s:92:52:99:Infinity":23,"b:95:43:95:62:95:62:95:Infinity":14,"b:96:57:96:81:96:81:96:Infinity":15,"b:97:46:97:66:97:66:97:Infinity":16,"b:98:37:98:58:98:58:98:Infinity":17,"s:100:17:100:Infinity":24,"f:102:15:102:21":7,"s:103:49:107:Infinity":25,"b:106:36:106:57:106:57:106:Infinity":18,"s:108:16:108:Infinity":26,"s:112:31:150:Infinity":27,"b:115:14:118:Infinity:119:14:127:Infinity":19,"b:129:14:137:Infinity:138:14:141:Infinity":20,"b:149:30:149:47:149:47:149:Infinity":21,"s:152:4:152:Infinity":28}}}
,"/app/src/charts/transformers/funnel.ts": {"path":"/app/src/charts/transformers/funnel.ts","statementMap":{"0":{"start":{"line":12,"column":23},"end":{"line":25,"column":null}},"1":{"start":{"line":15,"column":18},"end":{"line":15,"column":null}},"2":{"start":{"line":16,"column":25},"end":{"line":16,"column":null}},"3":{"start":{"line":18,"column":24},"end":{"line":18,"column":null}},"4":{"start":{"line":19,"column":12},"end":{"line":22,"column":null}},"5":{"start":{"line":24,"column":23},"end":{"line":24,"column":32}},"6":{"start":{"line":27,"column":43},"end":{"line":34,"column":null}},"7":{"start":{"line":36,"column":31},"end":{"line":48,"column":null}},"8":{"start":{"line":50,"column":4},"end":{"line":50,"column":null}}},"fnMap":{"0":{"name":"createFunnelChartOption","decl":{"start":{"line":6,"column":16},"end":{"line":6,"column":null}},"loc":{"start":{"line":11,"column":17},"end":{"line":51,"column":null}},"line":11},"1":{"name":"(anonymous_1)","decl":{"start":{"line":14,"column":14},"end":{"line":14,"column":22}},"loc":{"start":{"line":14,"column":22},"end":{"line":23,"column":9}},"line":14},"2":{"name":"(anonymous_2)","decl":{"start":{"line":24,"column":18},"end":{"line":24,"column":23}},"loc":{"start":{"line":24,"column":23},"end":{"line":24,"column":32}},"line":24}},"branchMap":{"0":{"loc":{"start":{"line":16,"column":25},"end":{"line":16,"column":null}},"type":"cond-expr","locations":[{"start":{"line":16,"column":67},"end":{"line":16,"column":79}},{"start":{"line":16,"column":67},"end":{"line":16,"column":null}}],"line":16},"1":{"loc":{"start":{"line":16,"column":25},"end":{"line":16,"column":67}},"type":"binary-expr","locations":[{"start":{"line":16,"column":25},"end":{"line":16,"column":49}},{"start":{"line":16,"column":49},"end":{"line":16,"column":67}}],"line":16},"2":{"loc":{"start":{"line":21,"column":23},"end":{"line":21,"column":null}},"type":"cond-expr","locations":[{"start":{"line":21,"column":43},"end":{"line":21,"column":47}},{"start":{"line":21,"column":47},"end":{"line":21,"column":null}}],"line":21},"3":{"loc":{"start":{"line":42,"column":12},"end":{"line":47,"column":null}},"type":"cond-expr","locations":[{"start":{"line":42,"column":30},"end":{"line":47,"column":12}},{"start":{"line":47,"column":12},"end":{"line":47,"column":null}}],"line":42}},"s":{"0":0,"1":0,"2":0,"3":0,"4":0,"5":0,"6":0,"7":0,"8":0},"f":{"0":0,"1":0,"2":0},"b":{"0":[0,0],"1":[0,0],"2":[0,0],"3":[0,0]},"meta":{"lastBranch":4,"lastFunction":3,"lastStatement":9,"seen":{"f:6:16:6:Infinity":0,"s:12:23:25:Infinity":0,"f:14:14:14:22":1,"s:15:18:15:Infinity":1,"s:16:25:16:Infinity":2,"b:16:67:16:79:16:67:16:Infinity":0,"b:16:25:16:49:16:49:16:67":1,"s:18:24:18:Infinity":3,"s:19:12:22:Infinity":4,"b:21:43:21:47:21:47:21:Infinity":2,"f:24:18:24:23":2,"s:24:23:24:32":5,"s:27:43:34:Infinity":6,"s:36:31:48:Infinity":7,"b:42:30:47:12:47:12:47:Infinity":3,"s:50:4:50:Infinity":8}}}
,"/app/src/charts/transformers/gauge.ts": {"path":"/app/src/charts/transformers/gauge.ts","statementMap":{"0":{"start":{"line":16,"column":18},"end":{"line":19,"column":null}},"1":{"start":{"line":17,"column":20},"end":{"line":17,"column":null}},"2":{"start":{"line":18,"column":8},"end":{"line":18,"column":null}},"3":{"start":{"line":21,"column":16},"end":{"line":21,"column":null}},"4":{"start":{"line":22,"column":16},"end":{"line":22,"column":null}},"5":{"start":{"line":24,"column":42},"end":{"line":41,"column":null}},"6":{"start":{"line":43,"column":4},"end":{"line":48,"column":null}}},"fnMap":{"0":{"name":"createGaugeChartOption","decl":{"start":{"line":10,"column":16},"end":{"line":10,"column":null}},"loc":{"start":{"line":14,"column":17},"end":{"line":49,"column":null}},"line":14},"1":{"name":"(anonymous_1)","decl":{"start":{"line":16,"column":30},"end":{"line":16,"column":31}},"loc":{"start":{"line":16,"column":45},"end":{"line":19,"column":7}},"line":16}},"branchMap":{"0":{"loc":{"start":{"line":18,"column":15},"end":{"line":18,"column":null}},"type":"cond-expr","locations":[{"start":{"line":18,"column":35},"end":{"line":18,"column":41}},{"start":{"line":18,"column":41},"end":{"line":18,"column":null}}],"line":18},"1":{"loc":{"start":{"line":21,"column":16},"end":{"line":21,"column":null}},"type":"binary-expr","locations":[{"start":{"line":21,"column":16},"end":{"line":21,"column":32}},{"start":{"line":21,"column":32},"end":{"line":21,"column":null}}],"line":21},"2":{"loc":{"start":{"line":22,"column":16},"end":{"line":22,"column":null}},"type":"binary-expr","locations":[{"start":{"line":22,"column":16},"end":{"line":22,"column":32}},{"start":{"line":22,"column":32},"end":{"line":22,"column":null}}],"line":22}},"s":{"0":0,"1":0,"2":0,"3":0,"4":0,"5":0,"6":0},"f":{"0":0,"1":0},"b":{"0":[0,0],"1":[0,0],"2":[0,0]},"meta":{"lastBranch":3,"lastFunction":2,"lastStatement":7,"seen":{"f:10:16:10:Infinity":0,"s:16:18:19:Infinity":0,"f:16:30:16:31":1,"s:17:20:17:Infinity":1,"s:18:8:18:Infinity":2,"b:18:35:18:41:18:41:18:Infinity":0,"s:21:16:21:Infinity":3,"b:21:16:21:32:21:32:21:Infinity":1,"s:22:16:22:Infinity":4,"b:22:16:22:32:22:32:22:Infinity":2,"s:24:42:41:Infinity":5,"s:43:4:48:Infinity":6}}}
,"/app/src/charts/transformers/graph.ts": {"path":"/app/src/charts/transformers/graph.ts","statementMap":{"0":{"start":{"line":17,"column":22},"end":{"line":17,"column":null}},"1":{"start":{"line":18,"column":25},"end":{"line":18,"column":null}},"2":{"start":{"line":21,"column":26},"end":{"line":45,"column":null}},"3":{"start":{"line":24,"column":18},"end":{"line":24,"column":null}},"4":{"start":{"line":25,"column":18},"end":{"line":25,"column":null}},"5":{"start":{"line":27,"column":12},"end":{"line":42,"column":null}},"6":{"start":{"line":29,"column":26},"end":{"line":29,"column":null}},"7":{"start":{"line":30,"column":26},"end":{"line":30,"column":null}},"8":{"start":{"line":33,"column":35},"end":{"line":33,"column":null}},"9":{"start":{"line":34,"column":32},"end":{"line":34,"column":null}},"10":{"start":{"line":37,"column":33},"end":{"line":37,"column":null}},"11":{"start":{"line":38,"column":33},"end":{"line":38,"column":null}},"12":{"start":{"line":40,"column":20},"end":{"line":40,"column":null}},"13":{"start":{"line":44,"column":52},"end":{"line":44,"column":62}},"14":{"start":{"line":47,"column":18},"end":{"line":47,"column":null}},"15":{"start":{"line":47,"column":71},"end":{"line":47,"column":97}},"16":{"start":{"line":51,"column":20},"end":{"line":51,"column":null}},"17":{"start":{"line":51,"column":47},"end":{"line":51,"column":88}},"18":{"start":{"line":52,"column":20},"end":{"line":52,"column":null}},"19":{"start":{"line":52,"column":47},"end":{"line":52,"column":87}},"20":{"start":{"line":55,"column":22},"end":{"line":68,"column":null}},"21":{"start":{"line":57,"column":23},"end":{"line":57,"column":29}},"22":{"start":{"line":59,"column":28},"end":{"line":59,"column":null}},"23":{"start":{"line":59,"column":44},"end":{"line":59,"column":68}},"24":{"start":{"line":60,"column":12},"end":{"line":65,"column":null}},"25":{"start":{"line":70,"column":27},"end":{"line":76,"column":null}},"26":{"start":{"line":72,"column":19},"end":{"line":72,"column":29}},"27":{"start":{"line":73,"column":37},"end":{"line":73,"column":52}},"28":{"start":{"line":75,"column":22},"end":{"line":75,"column":23}},"29":{"start":{"line":78,"column":27},"end":{"line":78,"column":null}},"30":{"start":{"line":78,"column":58},"end":{"line":78,"column":67}},"31":{"start":{"line":80,"column":42},"end":{"line":113,"column":null}},"32":{"start":{"line":115,"column":31},"end":{"line":125,"column":null}},"33":{"start":{"line":127,"column":4},"end":{"line":127,"column":null}}},"fnMap":{"0":{"name":"createGraphChartOption","decl":{"start":{"line":11,"column":16},"end":{"line":11,"column":null}},"loc":{"start":{"line":16,"column":17},"end":{"line":128,"column":null}},"line":16},"1":{"name":"(anonymous_1)","decl":{"start":{"line":23,"column":14},"end":{"line":23,"column":15}},"loc":{"start":{"line":23,"column":24},"end":{"line":43,"column":9}},"line":23},"2":{"name":"(anonymous_2)","decl":{"start":{"line":28,"column":19},"end":{"line":28,"column":25}},"loc":{"start":{"line":28,"column":25},"end":{"line":41,"column":19}},"line":28},"3":{"name":"(anonymous_3)","decl":{"start":{"line":44,"column":17},"end":{"line":44,"column":18}},"loc":{"start":{"line":44,"column":52},"end":{"line":44,"column":62}},"line":44},"4":{"name":"(anonymous_4)","decl":{"start":{"line":47,"column":39},"end":{"line":47,"column":40}},"loc":{"start":{"line":47,"column":71},"end":{"line":47,"column":97}},"line":47},"5":{"name":"(anonymous_5)","decl":{"start":{"line":51,"column":41},"end":{"line":51,"column":47}},"loc":{"start":{"line":51,"column":47},"end":{"line":51,"column":88}},"line":51},"6":{"name":"(anonymous_6)","decl":{"start":{"line":52,"column":41},"end":{"line":52,"column":47}},"loc":{"start":{"line":52,"column":47},"end":{"line":52,"column":87}},"line":52},"7":{"name":"(anonymous_7)","decl":{"start":{"line":57,"column":18},"end":{"line":57,"column":23}},"loc":{"start":{"line":57,"column":23},"end":{"line":57,"column":29}},"line":57},"8":{"name":"(anonymous_8)","decl":{"start":{"line":58,"column":20},"end":{"line":58,"column":29}},"loc":{"start":{"line":58,"column":29},"end":{"line":66,"column":9}},"line":58},"9":{"name":"(anonymous_9)","decl":{"start":{"line":59,"column":39},"end":{"line":59,"column":44}},"loc":{"start":{"line":59,"column":44},"end":{"line":59,"column":68}},"line":59},"10":{"name":"(anonymous_10)","decl":{"start":{"line":72,"column":14},"end":{"line":72,"column":19}},"loc":{"start":{"line":72,"column":19},"end":{"line":72,"column":29}},"line":72},"11":{"name":"(anonymous_11)","decl":{"start":{"line":73,"column":17},"end":{"line":73,"column":18}},"loc":{"start":{"line":73,"column":37},"end":{"line":73,"column":52}},"line":73},"12":{"name":"(anonymous_12)","decl":{"start":{"line":75,"column":17},"end":{"line":75,"column":22}},"loc":{"start":{"line":75,"column":22},"end":{"line":75,"column":23}},"line":75},"13":{"name":"(anonymous_13)","decl":{"start":{"line":78,"column":49},"end":{"line":78,"column":58}},"loc":{"start":{"line":78,"column":58},"end":{"line":78,"column":67}},"line":78}},"branchMap":{"0":{"loc":{"start":{"line":27,"column":20},"end":{"line":42,"column":null}},"type":"cond-expr","locations":[{"start":{"line":27,"column":105},"end":{"line":41,"column":null}},{"start":{"line":42,"column":18},"end":{"line":42,"column":null}}],"line":27},"1":{"loc":{"start":{"line":27,"column":20},"end":{"line":27,"column":null}},"type":"binary-expr","locations":[{"start":{"line":27,"column":20},"end":{"line":27,"column":42}},{"start":{"line":27,"column":42},"end":{"line":27,"column":69}},{"start":{"line":27,"column":69},"end":{"line":27,"column":91}},{"start":{"line":27,"column":91},"end":{"line":27,"column":null}}],"line":27},"2":{"loc":{"start":{"line":33,"column":35},"end":{"line":33,"column":null}},"type":"cond-expr","locations":[{"start":{"line":33,"column":47},"end":{"line":33,"column":89}},{"start":{"line":33,"column":89},"end":{"line":33,"column":null}}],"line":33},"3":{"loc":{"start":{"line":34,"column":32},"end":{"line":34,"column":null}},"type":"cond-expr","locations":[{"start":{"line":34,"column":55},"end":{"line":34,"column":67}},{"start":{"line":34,"column":67},"end":{"line":34,"column":null}}],"line":34},"4":{"loc":{"start":{"line":37,"column":33},"end":{"line":37,"column":null}},"type":"cond-expr","locations":[{"start":{"line":37,"column":33},"end":{"line":37,"column":85}},{"start":{"line":37,"column":85},"end":{"line":37,"column":null}}],"line":37},"5":{"loc":{"start":{"line":38,"column":33},"end":{"line":38,"column":null}},"type":"cond-expr","locations":[{"start":{"line":38,"column":64},"end":{"line":38,"column":93}},{"start":{"line":38,"column":93},"end":{"line":38,"column":null}}],"line":38},"6":{"loc":{"start":{"line":38,"column":33},"end":{"line":38,"column":72}},"type":"binary-expr","locations":[{"start":{"line":38,"column":33},"end":{"line":38,"column":55}},{"start":{"line":38,"column":55},"end":{"line":38,"column":72}}],"line":38},"7":{"loc":{"start":{"line":117,"column":12},"end":{"line":123,"column":null}},"type":"cond-expr","locations":[{"start":{"line":117,"column":30},"end":{"line":123,"column":12}},{"start":{"line":123,"column":12},"end":{"line":123,"column":null}}],"line":117}},"s":{"0":3,"1":3,"2":3,"3":10,"4":10,"5":10,"6":8,"7":8,"8":8,"9":8,"10":8,"11":8,"12":8,"13":10,"14":3,"15":8,"16":3,"17":8,"18":3,"19":8,"20":3,"21":16,"22":9,"23":14,"24":9,"25":3,"26":9,"27":9,"28":2,"29":3,"30":2,"31":3,"32":3,"33":3},"f":{"0":3,"1":10,"2":8,"3":10,"4":8,"5":8,"6":8,"7":16,"8":9,"9":14,"10":9,"11":9,"12":2,"13":2},"b":{"0":[8,2],"1":[10,10,9,9],"2":[4,4],"3":[4,4],"4":[3,5],"5":[2,6],"6":[8,2],"7":[1,2]},"meta":{"lastBranch":8,"lastFunction":14,"lastStatement":34,"seen":{"f:11:16:11:Infinity":0,"s:17:22:17:Infinity":0,"s:18:25:18:Infinity":1,"s:21:26:45:Infinity":2,"f:23:14:23:15":1,"s:24:18:24:Infinity":3,"s:25:18:25:Infinity":4,"s:27:12:42:Infinity":5,"b:27:105:41:Infinity:42:18:42:Infinity":0,"b:27:20:27:42:27:42:27:69:27:69:27:91:27:91:27:Infinity":1,"f:28:19:28:25":2,"s:29:26:29:Infinity":6,"s:30:26:30:Infinity":7,"s:33:35:33:Infinity":8,"b:33:47:33:89:33:89:33:Infinity":2,"s:34:32:34:Infinity":9,"b:34:55:34:67:34:67:34:Infinity":3,"s:37:33:37:Infinity":10,"b:37:33:37:85:37:85:37:Infinity":4,"s:38:33:38:Infinity":11,"b:38:64:38:93:38:93:38:Infinity":5,"b:38:33:38:55:38:55:38:72":6,"s:40:20:40:Infinity":12,"f:44:17:44:18":3,"s:44:52:44:62":13,"s:47:18:47:Infinity":14,"f:47:39:47:40":4,"s:47:71:47:97":15,"s:51:20:51:Infinity":16,"f:51:41:51:47":5,"s:51:47:51:88":17,"s:52:20:52:Infinity":18,"f:52:41:52:47":6,"s:52:47:52:87":19,"s:55:22:68:Infinity":20,"f:57:18:57:23":7,"s:57:23:57:29":21,"f:58:20:58:29":8,"s:59:28:59:Infinity":22,"f:59:39:59:44":9,"s:59:44:59:68":23,"s:60:12:65:Infinity":24,"s:70:27:76:Infinity":25,"f:72:14:72:19":10,"s:72:19:72:29":26,"f:73:17:73:18":11,"s:73:37:73:52":27,"f:75:17:75:22":12,"s:75:22:75:23":28,"s:78:27:78:Infinity":29,"f:78:49:78:58":13,"s:78:58:78:67":30,"s:80:42:113:Infinity":31,"s:115:31:125:Infinity":32,"b:117:30:123:12:123:12:123:Infinity":7,"s:127:4:127:Infinity":33}}}
,"/app/src/charts/transformers/heatmap.ts": {"path":"/app/src/charts/transformers/heatmap.ts","statementMap":{"0":{"start":{"line":16,"column":22},"end":{"line":16,"column":null}},"1":{"start":{"line":17,"column":23},"end":{"line":17,"column":null}},"2":{"start":{"line":18,"column":23},"end":{"line":18,"column":null}},"3":{"start":{"line":19,"column":24},"end":{"line":19,"column":null}},"4":{"start":{"line":23,"column":27},"end":{"line":33,"column":null}},"5":{"start":{"line":24,"column":14},"end":{"line":24,"column":null}},"6":{"start":{"line":25,"column":14},"end":{"line":25,"column":null}},"7":{"start":{"line":26,"column":23},"end":{"line":26,"column":null}},"8":{"start":{"line":28,"column":8},"end":{"line":32,"column":null}},"9":{"start":{"line":40,"column":22},"end":{"line":40,"column":null}},"10":{"start":{"line":40,"column":56},"end":{"line":40,"column":59}},"11":{"start":{"line":41,"column":22},"end":{"line":41,"column":null}},"12":{"start":{"line":41,"column":56},"end":{"line":41,"column":59}},"13":{"start":{"line":43,"column":19},"end":{"line":43,"column":null}},"14":{"start":{"line":43,"column":46},"end":{"line":43,"column":53}},"15":{"start":{"line":44,"column":24},"end":{"line":44,"column":null}},"16":{"start":{"line":45,"column":24},"end":{"line":45,"column":null}},"17":{"start":{"line":47,"column":44},"end":{"line":49,"column":null}},"18":{"start":{"line":51,"column":44},"end":{"line":63,"column":null}},"19":{"start":{"line":65,"column":31},"end":{"line":97,"column":null}},"20":{"start":{"line":99,"column":4},"end":{"line":99,"column":null}}},"fnMap":{"0":{"name":"createHeatmapChartOption","decl":{"start":{"line":10,"column":16},"end":{"line":10,"column":null}},"loc":{"start":{"line":15,"column":17},"end":{"line":100,"column":null}},"line":15},"1":{"name":"(anonymous_1)","decl":{"start":{"line":23,"column":39},"end":{"line":23,"column":47}},"loc":{"start":{"line":23,"column":47},"end":{"line":33,"column":5}},"line":23},"2":{"name":"(anonymous_2)","decl":{"start":{"line":40,"column":51},"end":{"line":40,"column":56}},"loc":{"start":{"line":40,"column":56},"end":{"line":40,"column":59}},"line":40},"3":{"name":"(anonymous_3)","decl":{"start":{"line":41,"column":51},"end":{"line":41,"column":56}},"loc":{"start":{"line":41,"column":56},"end":{"line":41,"column":59}},"line":41},"4":{"name":"(anonymous_4)","decl":{"start":{"line":43,"column":41},"end":{"line":43,"column":46}},"loc":{"start":{"line":43,"column":46},"end":{"line":43,"column":53}},"line":43}},"branchMap":{"0":{"loc":{"start":{"line":17,"column":23},"end":{"line":17,"column":null}},"type":"binary-expr","locations":[{"start":{"line":17,"column":23},"end":{"line":17,"column":46}},{"start":{"line":17,"column":46},"end":{"line":17,"column":null}}],"line":17},"1":{"loc":{"start":{"line":18,"column":23},"end":{"line":18,"column":null}},"type":"binary-expr","locations":[{"start":{"line":18,"column":23},"end":{"line":18,"column":46}},{"start":{"line":18,"column":46},"end":{"line":18,"column":null}}],"line":18},"2":{"loc":{"start":{"line":19,"column":24},"end":{"line":19,"column":null}},"type":"binary-expr","locations":[{"start":{"line":19,"column":24},"end":{"line":19,"column":53}},{"start":{"line":19,"column":53},"end":{"line":19,"column":null}}],"line":19},"3":{"loc":{"start":{"line":26,"column":23},"end":{"line":26,"column":null}},"type":"cond-expr","locations":[{"start":{"line":26,"column":35},"end":{"line":26,"column":77}},{"start":{"line":26,"column":77},"end":{"line":26,"column":null}}],"line":26},"4":{"loc":{"start":{"line":29,"column":15},"end":{"line":29,"column":null}},"type":"cond-expr","locations":[{"start":{"line":29,"column":59},"end":{"line":29,"column":71}},{"start":{"line":29,"column":59},"end":{"line":29,"column":null}}],"line":29},"5":{"loc":{"start":{"line":29,"column":15},"end":{"line":29,"column":59}},"type":"binary-expr","locations":[{"start":{"line":29,"column":15},"end":{"line":29,"column":40}},{"start":{"line":29,"column":40},"end":{"line":29,"column":59}}],"line":29},"6":{"loc":{"start":{"line":30,"column":15},"end":{"line":30,"column":null}},"type":"cond-expr","locations":[{"start":{"line":30,"column":59},"end":{"line":30,"column":71}},{"start":{"line":30,"column":59},"end":{"line":30,"column":null}}],"line":30},"7":{"loc":{"start":{"line":30,"column":15},"end":{"line":30,"column":59}},"type":"binary-expr","locations":[{"start":{"line":30,"column":15},"end":{"line":30,"column":40}},{"start":{"line":30,"column":40},"end":{"line":30,"column":59}}],"line":30},"8":{"loc":{"start":{"line":31,"column":19},"end":{"line":31,"column":null}},"type":"cond-expr","locations":[{"start":{"line":31,"column":42},"end":{"line":31,"column":46}},{"start":{"line":31,"column":46},"end":{"line":31,"column":null}}],"line":31},"9":{"loc":{"start":{"line":44,"column":24},"end":{"line":44,"column":null}},"type":"cond-expr","locations":[{"start":{"line":44,"column":44},"end":{"line":44,"column":66}},{"start":{"line":44,"column":66},"end":{"line":44,"column":null}}],"line":44},"10":{"loc":{"start":{"line":45,"column":24},"end":{"line":45,"column":null}},"type":"cond-expr","locations":[{"start":{"line":45,"column":44},"end":{"line":45,"column":66}},{"start":{"line":45,"column":66},"end":{"line":45,"column":null}}],"line":45}},"s":{"0":3,"1":3,"2":3,"3":3,"4":3,"5":8,"6":8,"7":8,"8":8,"9":3,"10":8,"11":3,"12":8,"13":3,"14":8,"15":3,"16":3,"17":3,"18":3,"19":3,"20":3},"f":{"0":3,"1":8,"2":8,"3":8,"4":8},"b":{"0":[3,3],"1":[3,3],"2":[3,3],"3":[8,0],"4":[0,8],"5":[8,8],"6":[0,8],"7":[8,8],"8":[1,7],"9":[3,0],"10":[3,0]},"meta":{"lastBranch":11,"lastFunction":5,"lastStatement":21,"seen":{"f:10:16:10:Infinity":0,"s:16:22:16:Infinity":0,"s:17:23:17:Infinity":1,"b:17:23:17:46:17:46:17:Infinity":0,"s:18:23:18:Infinity":2,"b:18:23:18:46:18:46:18:Infinity":1,"s:19:24:19:Infinity":3,"b:19:24:19:53:19:53:19:Infinity":2,"s:23:27:33:Infinity":4,"f:23:39:23:47":1,"s:24:14:24:Infinity":5,"s:25:14:25:Infinity":6,"s:26:23:26:Infinity":7,"b:26:35:26:77:26:77:26:Infinity":3,"s:28:8:32:Infinity":8,"b:29:59:29:71:29:59:29:Infinity":4,"b:29:15:29:40:29:40:29:59":5,"b:30:59:30:71:30:59:30:Infinity":6,"b:30:15:30:40:30:40:30:59":7,"b:31:42:31:46:31:46:31:Infinity":8,"s:40:22:40:Infinity":9,"f:40:51:40:56":2,"s:40:56:40:59":10,"s:41:22:41:Infinity":11,"f:41:51:41:56":3,"s:41:56:41:59":12,"s:43:19:43:Infinity":13,"f:43:41:43:46":4,"s:43:46:43:53":14,"s:44:24:44:Infinity":15,"b:44:44:44:66:44:66:44:Infinity":9,"s:45:24:45:Infinity":16,"b:45:44:45:66:45:66:45:Infinity":10,"s:47:44:49:Infinity":17,"s:51:44:63:Infinity":18,"s:65:31:97:Infinity":19,"s:99:4:99:Infinity":20}}}
,"/app/src/charts/transformers/hierarchy.ts": {"path":"/app/src/charts/transformers/hierarchy.ts","statementMap":{"0":{"start":{"line":36,"column":18},"end":{"line":57,"column":null}},"1":{"start":{"line":39,"column":18},"end":{"line":39,"column":null}},"2":{"start":{"line":40,"column":12},"end":{"line":54,"column":null}},"3":{"start":{"line":43,"column":34},"end":{"line":43,"column":null}},"4":{"start":{"line":43,"column":65},"end":{"line":43,"column":77}},"5":{"start":{"line":44,"column":20},"end":{"line":53,"column":null}},"6":{"start":{"line":47,"column":43},"end":{"line":47,"column":null}},"7":{"start":{"line":50,"column":42},"end":{"line":50,"column":null}},"8":{"start":{"line":52,"column":28},"end":{"line":52,"column":null}},"9":{"start":{"line":56,"column":39},"end":{"line":56,"column":49}},"10":{"start":{"line":60,"column":23},"end":{"line":93,"column":null}},"11":{"start":{"line":61,"column":8},"end":{"line":92,"column":null}},"12":{"start":{"line":63,"column":30},"end":{"line":63,"column":44}},"13":{"start":{"line":67,"column":34},"end":{"line":67,"column":null}},"14":{"start":{"line":67,"column":55},"end":{"line":67,"column":78}},"15":{"start":{"line":68,"column":34},"end":{"line":70,"column":null}},"16":{"start":{"line":69,"column":49},"end":{"line":69,"column":64}},"17":{"start":{"line":73,"column":38},"end":{"line":75,"column":null}},"18":{"start":{"line":74,"column":36},"end":{"line":74,"column":57}},"19":{"start":{"line":75,"column":34},"end":{"line":75,"column":84}},"20":{"start":{"line":77,"column":33},"end":{"line":77,"column":null}},"21":{"start":{"line":80,"column":44},"end":{"line":80,"column":null}},"22":{"start":{"line":82,"column":39},"end":{"line":84,"column":null}},"23":{"start":{"line":86,"column":41},"end":{"line":88,"column":null}},"24":{"start":{"line":90,"column":16},"end":{"line":90,"column":null}},"25":{"start":{"line":95,"column":4},"end":{"line":95,"column":null}},"26":{"start":{"line":103,"column":22},"end":{"line":103,"column":null}},"27":{"start":{"line":104,"column":26},"end":{"line":104,"column":null}},"28":{"start":{"line":106,"column":45},"end":{"line":113,"column":null}},"29":{"start":{"line":115,"column":4},"end":{"line":120,"column":null}},"30":{"start":{"line":128,"column":29},"end":{"line":128,"column":null}},"31":{"start":{"line":130,"column":26},"end":{"line":132,"column":null}},"32":{"start":{"line":134,"column":41},"end":{"line":160,"column":null}},"33":{"start":{"line":162,"column":4},"end":{"line":168,"column":null}}},"fnMap":{"0":{"name":"buildHierarchy","decl":{"start":{"line":30,"column":9},"end":{"line":30,"column":null}},"loc":{"start":{"line":34,"column":19},"end":{"line":96,"column":null}},"line":34},"1":{"name":"(anonymous_1)","decl":{"start":{"line":38,"column":14},"end":{"line":38,"column":22}},"loc":{"start":{"line":38,"column":22},"end":{"line":55,"column":9}},"line":38},"2":{"name":"(anonymous_2)","decl":{"start":{"line":42,"column":19},"end":{"line":42,"column":25}},"loc":{"start":{"line":42,"column":25},"end":{"line":54,"column":19}},"line":42},"3":{"name":"(anonymous_3)","decl":{"start":{"line":43,"column":60},"end":{"line":43,"column":65}},"loc":{"start":{"line":43,"column":65},"end":{"line":43,"column":77}},"line":43},"4":{"name":"(anonymous_4)","decl":{"start":{"line":46,"column":27},"end":{"line":46,"column":33}},"loc":{"start":{"line":46,"column":33},"end":{"line":53,"column":27}},"line":46},"5":{"name":"(anonymous_5)","decl":{"start":{"line":56,"column":17},"end":{"line":56,"column":18}},"loc":{"start":{"line":56,"column":39},"end":{"line":56,"column":49}},"line":56},"6":{"name":"(anonymous_6)","decl":{"start":{"line":60,"column":23},"end":{"line":60,"column":24}},"loc":{"start":{"line":60,"column":63},"end":{"line":93,"column":null}},"line":60},"7":{"name":"(anonymous_7)","decl":{"start":{"line":63,"column":22},"end":{"line":63,"column":30}},"loc":{"start":{"line":63,"column":30},"end":{"line":63,"column":44}},"line":63},"8":{"name":"(anonymous_8)","decl":{"start":{"line":65,"column":18},"end":{"line":65,"column":19}},"loc":{"start":{"line":65,"column":37},"end":{"line":91,"column":13}},"line":65},"9":{"name":"(anonymous_9)","decl":{"start":{"line":67,"column":47},"end":{"line":67,"column":55}},"loc":{"start":{"line":67,"column":55},"end":{"line":67,"column":78}},"line":67},"10":{"name":"(anonymous_10)","decl":{"start":{"line":69,"column":41},"end":{"line":69,"column":49}},"loc":{"start":{"line":69,"column":49},"end":{"line":69,"column":64}},"line":69},"11":{"name":"(anonymous_11)","decl":{"start":{"line":74,"column":28},"end":{"line":74,"column":36}},"loc":{"start":{"line":74,"column":36},"end":{"line":74,"column":57}},"line":74},"12":{"name":"(anonymous_12)","decl":{"start":{"line":75,"column":25},"end":{"line":75,"column":34}},"loc":{"start":{"line":75,"column":34},"end":{"line":75,"column":84}},"line":75},"13":{"name":"createSunburstChartOption","decl":{"start":{"line":98,"column":16},"end":{"line":98,"column":null}},"loc":{"start":{"line":102,"column":17},"end":{"line":121,"column":null}},"line":102},"14":{"name":"createTreeChartOption","decl":{"start":{"line":123,"column":16},"end":{"line":123,"column":null}},"loc":{"start":{"line":127,"column":17},"end":{"line":169,"column":null}},"line":127}},"branchMap":{"0":{"loc":{"start":{"line":40,"column":20},"end":{"line":54,"column":null}},"type":"cond-expr","locations":[{"start":{"line":41,"column":18},"end":{"line":41,"column":null}},{"start":{"line":41,"column":18},"end":{"line":54,"column":null}}],"line":40},"1":{"loc":{"start":{"line":40,"column":20},"end":{"line":40,"column":null}},"type":"binary-expr","locations":[{"start":{"line":40,"column":20},"end":{"line":40,"column":51}},{"start":{"line":40,"column":51},"end":{"line":40,"column":null}}],"line":40},"2":{"loc":{"start":{"line":44,"column":27},"end":{"line":53,"column":null}},"type":"cond-expr","locations":[{"start":{"line":45,"column":26},"end":{"line":45,"column":null}},{"start":{"line":45,"column":26},"end":{"line":53,"column":null}}],"line":44},"3":{"loc":{"start":{"line":47,"column":43},"end":{"line":47,"column":null}},"type":"cond-expr","locations":[{"start":{"line":47,"column":55},"end":{"line":47,"column":97}},{"start":{"line":47,"column":97},"end":{"line":47,"column":null}}],"line":47},"4":{"loc":{"start":{"line":50,"column":42},"end":{"line":50,"column":null}},"type":"cond-expr","locations":[{"start":{"line":50,"column":65},"end":{"line":50,"column":77}},{"start":{"line":50,"column":77},"end":{"line":50,"column":null}}],"line":50},"5":{"loc":{"start":{"line":68,"column":34},"end":{"line":70,"column":null}},"type":"cond-expr","locations":[{"start":{"line":69,"column":22},"end":{"line":69,"column":null}},{"start":{"line":70,"column":22},"end":{"line":70,"column":null}}],"line":68},"6":{"loc":{"start":{"line":69,"column":49},"end":{"line":69,"column":64}},"type":"binary-expr","locations":[{"start":{"line":69,"column":49},"end":{"line":69,"column":63}},{"start":{"line":69,"column":63},"end":{"line":69,"column":64}}],"line":69},"7":{"loc":{"start":{"line":77,"column":33},"end":{"line":77,"column":null}},"type":"cond-expr","locations":[{"start":{"line":77,"column":60},"end":{"line":77,"column":88}},{"start":{"line":77,"column":88},"end":{"line":77,"column":null}}],"line":77},"8":{"loc":{"start":{"line":82,"column":39},"end":{"line":84,"column":null}},"type":"cond-expr","locations":[{"start":{"line":83,"column":22},"end":{"line":83,"column":null}},{"start":{"line":84,"column":22},"end":{"line":84,"column":null}}],"line":82},"9":{"loc":{"start":{"line":82,"column":39},"end":{"line":82,"column":null}},"type":"binary-expr","locations":[{"start":{"line":82,"column":39},"end":{"line":82,"column":66}},{"start":{"line":82,"column":66},"end":{"line":82,"column":null}}],"line":82},"10":{"loc":{"start":{"line":86,"column":41},"end":{"line":88,"column":null}},"type":"cond-expr","locations":[{"start":{"line":87,"column":22},"end":{"line":87,"column":null}},{"start":{"line":88,"column":22},"end":{"line":88,"column":null}}],"line":86},"11":{"loc":{"start":{"line":130,"column":26},"end":{"line":132,"column":null}},"type":"cond-expr","locations":[{"start":{"line":131,"column":10},"end":{"line":131,"column":null}},{"start":{"line":132,"column":10},"end":{"line":132,"column":null}}],"line":130}},"s":{"0":4,"1":8,"2":8,"3":8,"4":15,"5":8,"6":8,"7":8,"8":8,"9":8,"10":4,"11":9,"12":15,"13":13,"14":15,"15":13,"16":8,"17":13,"18":15,"19":7,"20":13,"21":13,"22":13,"23":13,"24":13,"25":4,"26":2,"27":2,"28":2,"29":2,"30":2,"31":2,"32":2,"33":2},"f":{"0":4,"1":8,"2":8,"3":15,"4":8,"5":8,"6":9,"7":15,"8":13,"9":15,"10":8,"11":15,"12":7,"13":2,"14":2},"b":{"0":[0,8],"1":[8,8],"2":[0,8],"3":[4,4],"4":[5,3],"5":[8,5],"6":[8,5],"7":[5,8],"8":[3,10],"9":[13,8],"10":[5,8],"11":[1,1]},"meta":{"lastBranch":12,"lastFunction":15,"lastStatement":34,"seen":{"f:30:9:30:Infinity":0,"s:36:18:57:Infinity":0,"f:38:14:38:22":1,"s:39:18:39:Infinity":1,"s:40:12:54:Infinity":2,"b:41:18:41:Infinity:41:18:54:Infinity":0,"b:40:20:40:51:40:51:40:Infinity":1,"f:42:19:42:25":2,"s:43:34:43:Infinity":3,"f:43:60:43:65":3,"s:43:65:43:77":4,"s:44:20:53:Infinity":5,"b:45:26:45:Infinity:45:26:53:Infinity":2,"f:46:27:46:33":4,"s:47:43:47:Infinity":6,"b:47:55:47:97:47:97:47:Infinity":3,"s:50:42:50:Infinity":7,"b:50:65:50:77:50:77:50:Infinity":4,"s:52:28:52:Infinity":8,"f:56:17:56:18":5,"s:56:39:56:49":9,"s:60:23:93:Infinity":10,"f:60:23:60:24":6,"s:61:8:92:Infinity":11,"f:63:22:63:30":7,"s:63:30:63:44":12,"f:65:18:65:19":8,"s:67:34:67:Infinity":13,"f:67:47:67:55":9,"s:67:55:67:78":14,"s:68:34:70:Infinity":15,"b:69:22:69:Infinity:70:22:70:Infinity":5,"f:69:41:69:49":10,"s:69:49:69:64":16,"b:69:49:69:63:69:63:69:64":6,"s:73:38:75:Infinity":17,"f:74:28:74:36":11,"s:74:36:74:57":18,"f:75:25:75:34":12,"s:75:34:75:84":19,"s:77:33:77:Infinity":20,"b:77:60:77:88:77:88:77:Infinity":7,"s:80:44:80:Infinity":21,"s:82:39:84:Infinity":22,"b:83:22:83:Infinity:84:22:84:Infinity":8,"b:82:39:82:66:82:66:82:Infinity":9,"s:86:41:88:Infinity":23,"b:87:22:87:Infinity:88:22:88:Infinity":10,"s:90:16:90:Infinity":24,"s:95:4:95:Infinity":25,"f:98:16:98:Infinity":13,"s:103:22:103:Infinity":26,"s:104:26:104:Infinity":27,"s:106:45:113:Infinity":28,"s:115:4:120:Infinity":29,"f:123:16:123:Infinity":14,"s:128:29:128:Infinity":30,"s:130:26:132:Infinity":31,"b:131:10:131:Infinity:132:10:132:Infinity":11,"s:134:41:160:Infinity":32,"s:162:4:168:Infinity":33}}}
,"/app/src/charts/transformers/parallel.ts": {"path":"/app/src/charts/transformers/parallel.ts","statementMap":{"0":{"start":{"line":25,"column":17},"end":{"line":25,"column":null}},"1":{"start":{"line":25,"column":51},"end":{"line":25,"column":59}},"2":{"start":{"line":25,"column":73},"end":{"line":25,"column":85}},"3":{"start":{"line":27,"column":4},"end":{"line":135,"column":null}},"4":{"start":{"line":34,"column":31},"end":{"line":34,"column":null}},"5":{"start":{"line":38,"column":55},"end":{"line":65,"column":null}},"6":{"start":{"line":40,"column":31},"end":{"line":40,"column":null}},"7":{"start":{"line":40,"column":43},"end":{"line":40,"column":76}},"8":{"start":{"line":43,"column":38},"end":{"line":43,"column":null}},"9":{"start":{"line":43,"column":60},"end":{"line":43,"column":101}},"10":{"start":{"line":44,"column":34},"end":{"line":44,"column":null}},"11":{"start":{"line":44,"column":59},"end":{"line":44,"column":83}},"12":{"start":{"line":46,"column":16},"end":{"line":64,"column":null}},"13":{"start":{"line":53,"column":43},"end":{"line":57,"column":null}},"14":{"start":{"line":55,"column":34},"end":{"line":55,"column":54}},"15":{"start":{"line":58,"column":24},"end":{"line":63,"column":null}},"16":{"start":{"line":69,"column":34},"end":{"line":94,"column":null}},"17":{"start":{"line":72,"column":20},"end":{"line":77,"column":null}},"18":{"start":{"line":74,"column":34},"end":{"line":74,"column":null}},"19":{"start":{"line":75,"column":28},"end":{"line":75,"column":null}},"20":{"start":{"line":80,"column":20},"end":{"line":92,"column":null}},"21":{"start":{"line":81,"column":24},"end":{"line":91,"column":null}},"22":{"start":{"line":82,"column":35},"end":{"line":82,"column":null}},"23":{"start":{"line":84,"column":29},"end":{"line":90,"column":null}},"24":{"start":{"line":87,"column":50},"end":{"line":87,"column":null}},"25":{"start":{"line":87,"column":73},"end":{"line":87,"column":87}},"26":{"start":{"line":88,"column":51},"end":{"line":88,"column":null}},"27":{"start":{"line":89,"column":37},"end":{"line":89,"column":null}},"28":{"start":{"line":96,"column":43},"end":{"line":109,"column":null}},"29":{"start":{"line":100,"column":20},"end":{"line":107,"column":null}},"30":{"start":{"line":111,"column":42},"end":{"line":132,"column":null}},"31":{"start":{"line":134,"column":12},"end":{"line":134,"column":null}}},"fnMap":{"0":{"name":"createParallelChartOption","decl":{"start":{"line":19,"column":16},"end":{"line":19,"column":null}},"loc":{"start":{"line":23,"column":17},"end":{"line":136,"column":null}},"line":23},"1":{"name":"(anonymous_1)","decl":{"start":{"line":25,"column":46},"end":{"line":25,"column":51}},"loc":{"start":{"line":25,"column":51},"end":{"line":25,"column":59}},"line":25},"2":{"name":"(anonymous_2)","decl":{"start":{"line":25,"column":68},"end":{"line":25,"column":73}},"loc":{"start":{"line":25,"column":73},"end":{"line":25,"column":85}},"line":25},"3":{"name":"(anonymous_3)","decl":{"start":{"line":33,"column":11},"end":{"line":33,"column":17}},"loc":{"start":{"line":33,"column":17},"end":{"line":135,"column":11}},"line":33},"4":{"name":"(anonymous_4)","decl":{"start":{"line":38,"column":64},"end":{"line":38,"column":65}},"loc":{"start":{"line":38,"column":80},"end":{"line":65,"column":13}},"line":38},"5":{"name":"(anonymous_5)","decl":{"start":{"line":40,"column":43},"end":{"line":40,"column":51}},"loc":{"start":{"line":40,"column":43},"end":{"line":40,"column":76}},"line":40},"6":{"name":"(anonymous_6)","decl":{"start":{"line":43,"column":55},"end":{"line":43,"column":60}},"loc":{"start":{"line":43,"column":60},"end":{"line":43,"column":101}},"line":43},"7":{"name":"(anonymous_7)","decl":{"start":{"line":44,"column":54},"end":{"line":44,"column":59}},"loc":{"start":{"line":44,"column":59},"end":{"line":44,"column":83}},"line":44},"8":{"name":"(anonymous_8)","decl":{"start":{"line":52,"column":23},"end":{"line":52,"column":29}},"loc":{"start":{"line":52,"column":29},"end":{"line":64,"column":23}},"line":52},"9":{"name":"(anonymous_9)","decl":{"start":{"line":55,"column":34},"end":{"line":55,"column":39}},"loc":{"start":{"line":55,"column":34},"end":{"line":55,"column":54}},"line":55},"10":{"name":"(anonymous_10)","decl":{"start":{"line":71,"column":26},"end":{"line":71,"column":34}},"loc":{"start":{"line":71,"column":34},"end":{"line":78,"column":17}},"line":71},"11":{"name":"(anonymous_11)","decl":{"start":{"line":73,"column":27},"end":{"line":73,"column":33}},"loc":{"start":{"line":73,"column":33},"end":{"line":76,"column":27}},"line":73},"12":{"name":"(anonymous_12)","decl":{"start":{"line":79,"column":28},"end":{"line":79,"column":37}},"loc":{"start":{"line":79,"column":37},"end":{"line":93,"column":17}},"line":79},"13":{"name":"(anonymous_13)","decl":{"start":{"line":80,"column":40},"end":{"line":80,"column":48}},"loc":{"start":{"line":80,"column":48},"end":{"line":92,"column":21}},"line":80},"14":{"name":"(anonymous_14)","decl":{"start":{"line":81,"column":43},"end":{"line":81,"column":50}},"loc":{"start":{"line":81,"column":50},"end":{"line":91,"column":25}},"line":81},"15":{"name":"(anonymous_15)","decl":{"start":{"line":86,"column":35},"end":{"line":86,"column":41}},"loc":{"start":{"line":86,"column":41},"end":{"line":90,"column":35}},"line"
[...]
,"/app/src/views/scatter-chart-view.ts": {"path":"/app/src/views/scatter-chart-view.ts","statementMap":{"0":{"start":{"line":11,"column":8},"end":{"line":11,"column":null}},"1":{"start":{"line":8,"column":4},"end":{"line":8,"column":null}},"2":{"start":{"line":15,"column":22},"end":{"line":15,"column":null}},"3":{"start":{"line":16,"column":27},"end":{"line":16,"column":null}},"4":{"start":{"line":17,"column":27},"end":{"line":17,"column":null}},"5":{"start":{"line":18,"column":33},"end":{"line":18,"column":null}},"6":{"start":{"line":19,"column":25},"end":{"line":19,"column":null}},"7":{"start":{"line":21,"column":22},"end":{"line":21,"column":null}},"8":{"start":{"line":22,"column":27},"end":{"line":22,"column":null}},"9":{"start":{"line":23,"column":27},"end":{"line":23,"column":null}},"10":{"start":{"line":25,"column":8},"end":{"line":27,"column":null}},"11":{"start":{"line":26,"column":12},"end":{"line":26,"column":null}},"12":{"start":{"line":29,"column":8},"end":{"line":36,"column":null}},"13":{"start":{"line":40,"column":8},"end":{"line":41,"column":null}},"14":{"start":{"line":41,"column":65},"end":{"line":41,"column":112}}},"fnMap":{"0":{"name":"(anonymous_0)","decl":{"start":{"line":10,"column":4},"end":{"line":10,"column":16}},"loc":{"start":{"line":10,"column":88},"end":{"line":12,"column":null}},"line":10},"1":{"name":"(anonymous_1)","decl":{"start":{"line":14,"column":14},"end":{"line":14,"column":29}},"loc":{"start":{"line":14,"column":84},"end":{"line":37,"column":null}},"line":14},"2":{"name":"(anonymous_2)","decl":{"start":{"line":39,"column":11},"end":{"line":39,"column":42}},"loc":{"start":{"line":39,"column":42},"end":{"line":42,"column":null}},"line":39},"3":{"name":"(anonymous_3)","decl":{"start":{"line":41,"column":57},"end":{"line":41,"column":65}},"loc":{"start":{"line":41,"column":65},"end":{"line":41,"column":112}},"line":41}},"branchMap":{"0":{"loc":{"start":{"line":25,"column":8},"end":{"line":27,"column":null}},"type":"if","locations":[{"start":{"line":25,"column":8},"end":{"line":27,"column":null}},{"start":{},"end":{}}],"line":25},"1":{"loc":{"start":{"line":25,"column":12},"end":{"line":25,"column":68}},"type":"binary-expr","locations":[{"start":{"line":25,"column":12},"end":{"line":25,"column":41}},{"start":{"line":25,"column":41},"end":{"line":25,"column":68}}],"line":25},"2":{"loc":{"start":{"line":35,"column":24},"end":{"line":35,"column":null}},"type":"cond-expr","locations":[{"start":{"line":35,"column":57},"end":{"line":35,"column":70}},{"start":{"line":35,"column":70},"end":{"line":35,"column":null}}],"line":35}},"s":{"0":0,"1":0,"2":0,"3":0,"4":0,"5":0,"6":0,"7":0,"8":0,"9":0,"10":0,"11":0,"12":0,"13":0,"14":0},"f":{"0":0,"1":0,"2":0,"3":0},"b":{"0":[0,0],"1":[0,0],"2":[0,0]},"meta":{"lastBranch":3,"lastFunction":4,"lastStatement":15,"seen":{"f:10:4:10:16":0,"s:11:8:11:Infinity":0,"s:8:4:8:Infinity":1,"f:14:14:14:29":1,"s:15:22:15:Infinity":2,"s:16:27:16:Infinity":3,"s:17:27:17:Infinity":4,"s:18:33:18:Infinity":5,"s:19:25:19:Infinity":6,"s:21:22:21:Infinity":7,"s:22:27:22:Infinity":8,"s:23:27:23:Infinity":9,"b:25:8:27:Infinity:undefined:undefined:undefined:undefined":0,"s:25:8:27:Infinity":10,"b:25:12:25:41:25:41:25:68":1,"s:26:12:26:Infinity":11,"s:29:8:36:Infinity":12,"b:35:57:35:70:35:70:35:Infinity":2,"f:39:11:39:42":2,"s:40:8:41:Infinity":13,"f:41:57:41:65":3,"s:41:65:41:112":14}}}
,"/app/src/views/stacked-bar-chart-view.ts": {"path":"/app/src/views/stacked-bar-chart-view.ts","statementMap":{"0":{"start":{"line":11,"column":8},"end":{"line":11,"column":null}},"1":{"start":{"line":8,"column":4},"end":{"line":8,"column":null}},"2":{"start":{"line":15,"column":22},"end":{"line":15,"column":null}},"3":{"start":{"line":16,"column":27},"end":{"line":16,"column":null}},"4":{"start":{"line":17,"column":27},"end":{"line":17,"column":null}},"5":{"start":{"line":18,"column":33},"end":{"line":18,"column":null}},"6":{"start":{"line":19,"column":25},"end":{"line":19,"column":null}},"7":{"start":{"line":21,"column":22},"end":{"line":21,"column":null}},"8":{"start":{"line":22,"column":27},"end":{"line":22,"column":null}},"9":{"start":{"line":23,"column":27},"end":{"line":23,"column":null}},"10":{"start":{"line":25,"column":8},"end":{"line":27,"column":null}},"11":{"start":{"line":26,"column":12},"end":{"line":26,"column":null}},"12":{"start":{"line":29,"column":8},"end":{"line":37,"column":null}},"13":{"start":{"line":41,"column":8},"end":{"line":41,"column":null}}},"fnMap":{"0":{"name":"(anonymous_0)","decl":{"start":{"line":10,"column":4},"end":{"line":10,"column":16}},"loc":{"start":{"line":10,"column":88},"end":{"line":12,"column":null}},"line":10},"1":{"name":"(anonymous_1)","decl":{"start":{"line":14,"column":14},"end":{"line":14,"column":29}},"loc":{"start":{"line":14,"column":84},"end":{"line":38,"column":null}},"line":14},"2":{"name":"(anonymous_2)","decl":{"start":{"line":40,"column":11},"end":{"line":40,"column":42}},"loc":{"start":{"line":40,"column":42},"end":{"line":42,"column":null}},"line":40}},"branchMap":{"0":{"loc":{"start":{"line":25,"column":8},"end":{"line":27,"column":null}},"type":"if","locations":[{"start":{"line":25,"column":8},"end":{"line":27,"column":null}},{"start":{},"end":{}}],"line":25},"1":{"loc":{"start":{"line":25,"column":12},"end":{"line":25,"column":68}},"type":"binary-expr","locations":[{"start":{"line":25,"column":12},"end":{"line":25,"column":41}},{"start":{"line":25,"column":41},"end":{"line":25,"column":68}}],"line":25},"2":{"loc":{"start":{"line":35,"column":24},"end":{"line":35,"column":null}},"type":"cond-expr","locations":[{"start":{"line":35,"column":57},"end":{"line":35,"column":70}},{"start":{"line":35,"column":70},"end":{"line":35,"column":null}}],"line":35}},"s":{"0":0,"1":0,"2":0,"3":0,"4":0,"5":0,"6":0,"7":0,"8":0,"9":0,"10":0,"11":0,"12":0,"13":0},"f":{"0":0,"1":0,"2":0},"b":{"0":[0,0],"1":[0,0],"2":[0,0]},"meta":{"lastBranch":3,"lastFunction":3,"lastStatement":14,"seen":{"f:10:4:10:16":0,"s:11:8:11:Infinity":0,"s:8:4:8:Infinity":1,"f:14:14:14:29":1,"s:15:22:15:Infinity":2,"s:16:27:16:Infinity":3,"s:17:27:17:Infinity":4,"s:18:33:18:Infinity":5,"s:19:25:19:Infinity":6,"s:21:22:21:Infinity":7,"s:22:27:22:Infinity":8,"s:23:27:23:Infinity":9,"b:25:8:27:Infinity:undefined:undefined:undefined:undefined":0,"s:25:8:27:Infinity":10,"b:25:12:25:41:25:41:25:68":1,"s:26:12:26:Infinity":11,"s:29:8:37:Infinity":12,"b:35:57:35:70:35:70:35:Infinity":2,"f:40:11:40:42":2,"s:41:8:41:Infinity":13}}}
,"/app/src/views/sunburst-chart-view.ts": {"path":"/app/src/views/sunburst-chart-view.ts","statementMap":{"0":{"start":{"line":14,"column":8},"end":{"line":14,"column":null}},"1":{"start":{"line":11,"column":4},"end":{"line":11,"column":null}},"2":{"start":{"line":18,"column":8},"end":{"line":18,"column":null}},"3":{"start":{"line":22,"column":8},"end":{"line":22,"column":null}},"4":{"start":{"line":26,"column":8},"end":{"line":26,"column":null}},"5":{"start":{"line":30,"column":8},"end":{"line":43,"column":null}},"6":{"start":{"line":47,"column":25},"end":{"line":47,"column":null}},"7":{"start":{"line":48,"column":26},"end":{"line":48,"column":null}},"8":{"start":{"line":50,"column":8},"end":{"line":52,"column":null}},"9":{"start":{"line":51,"column":12},"end":{"line":51,"column":null}},"10":{"start":{"line":54,"column":8},"end":{"line":56,"column":null}}},"fnMap":{"0":{"name":"(anonymous_0)","decl":{"start":{"line":13,"column":4},"end":{"line":13,"column":16}},"loc":{"start":{"line":13,"column":91},"end":{"line":15,"column":null}},"line":13},"1":{"name":"(anonymous_1)","decl":{"start":{"line":17,"column":4},"end":{"line":17,"column":26}},"loc":{"start":{"line":17,"column":26},"end":{"line":19,"column":null}},"line":17},"2":{"name":"(anonymous_2)","decl":{"start":{"line":21,"column":4},"end":{"line":21,"column":29}},"loc":{"start":{"line":21,"column":29},"end":{"line":23,"column":null}},"line":21},"3":{"name":"(anonymous_3)","decl":{"start":{"line":25,"column":4},"end":{"line":25,"column":22}},"loc":{"start":{"line":25,"column":22},"end":{"line":27,"column":null}},"line":25},"4":{"name":"(anonymous_4)","decl":{"start":{"line":29,"column":11},"end":{"line":29,"column":42}},"loc":{"start":{"line":29,"column":42},"end":{"line":44,"column":null}},"line":29},"5":{"name":"(anonymous_5)","decl":{"start":{"line":46,"column":14},"end":{"line":46,"column":29}},"loc":{"start":{"line":46,"column":84},"end":{"line":57,"column":null}},"line":46}},"branchMap":{"0":{"loc":{"start":{"line":50,"column":8},"end":{"line":52,"column":null}},"type":"if","locations":[{"start":{"line":50,"column":8},"end":{"line":52,"column":null}},{"start":{},"end":{}}],"line":50}},"s":{"0":0,"1":0,"2":0,"3":0,"4":0,"5":0,"6":0,"7":0,"8":0,"9":0,"10":0},"f":{"0":0,"1":0,"2":0,"3":0,"4":0,"5":0},"b":{"0":[0,0]},"meta":{"lastBranch":1,"lastFunction":6,"lastStatement":11,"seen":{"f:13:4:13:16":0,"s:14:8:14:Infinity":0,"s:11:4:11:Infinity":1,"f:17:4:17:26":1,"s:18:8:18:Infinity":2,"f:21:4:21:29":2,"s:22:8:22:Infinity":3,"f:25:4:25:22":3,"s:26:8:26:Infinity":4,"f:29:11:29:42":4,"s:30:8:43:Infinity":5,"f:46:14:46:29":5,"s:47:25:47:Infinity":6,"s:48:26:48:Infinity":7,"b:50:8:52:Infinity:undefined:undefined:undefined:undefined":0,"s:50:8:52:Infinity":8,"s:51:12:51:Infinity":9,"s:54:8:56:Infinity":10}}}
,"/app/src/views/theme-river-chart-view.ts": {"path":"/app/src/views/theme-river-chart-view.ts","statementMap":{"0":{"start":{"line":11,"column":8},"end":{"line":11,"column":null}},"1":{"start":{"line":8,"column":4},"end":{"line":8,"column":null}},"2":{"start":{"line":14,"column":28},"end":{"line":14,"column":56}},"3":{"start":{"line":15,"column":31},"end":{"line":15,"column":53}},"4":{"start":{"line":16,"column":24},"end":{"line":16,"column":40}},"5":{"start":{"line":19,"column":8},"end":{"line":43,"column":null}},"6":{"start":{"line":47,"column":25},"end":{"line":47,"column":null}},"7":{"start":{"line":48,"column":26},"end":{"line":48,"column":null}},"8":{"start":{"line":49,"column":26},"end":{"line":49,"column":null}},"9":{"start":{"line":50,"column":27},"end":{"line":50,"column":null}},"10":{"start":{"line":52,"column":8},"end":{"line":52,"column":null}},"11":{"start":{"line":52,"column":52},"end":{"line":52,"column":64}},"12":{"start":{"line":54,"column":8},"end":{"line":58,"column":null}}},"fnMap":{"0":{"name":"(anonymous_0)","decl":{"start":{"line":10,"column":4},"end":{"line":10,"column":16}},"loc":{"start":{"line":10,"column":91},"end":{"line":12,"column":null}},"line":10},"1":{"name":"(anonymous_1)","decl":{"start":{"line":14,"column":4},"end":{"line":14,"column":26}},"loc":{"start":{"line":14,"column":26},"end":{"line":14,"column":null}},"line":14},"2":{"name":"(anonymous_2)","decl":{"start":{"line":15,"column":4},"end":{"line":15,"column":29}},"loc":{"start":{"line":15,"column":29},"end":{"line":15,"column":null}},"line":15},"3":{"name":"(anonymous_3)","decl":{"start":{"line":16,"column":4},"end":{"line":16,"column":22}},"loc":{"start":{"line":16,"column":22},"end":{"line":16,"column":null}},"line":16},"4":{"name":"(anonymous_4)","decl":{"start":{"line":18,"column":11},"end":{"line":18,"column":42}},"loc":{"start":{"line":18,"column":42},"end":{"line":44,"column":null}},"line":18},"5":{"name":"(anonymous_5)","decl":{"start":{"line":46,"column":14},"end":{"line":46,"column":29}},"loc":{"start":{"line":46,"column":84},"end":{"line":59,"column":null}},"line":46}},"branchMap":{"0":{"loc":{"start":{"line":52,"column":8},"end":{"line":52,"column":null}},"type":"if","locations":[{"start":{"line":52,"column":8},"end":{"line":52,"column":null}},{"start":{},"end":{}}],"line":52},"1":{"loc":{"start":{"line":52,"column":12},"end":{"line":52,"column":51}},"type":"binary-expr","locations":[{"start":{"line":52,"column":12},"end":{"line":52,"column":25}},{"start":{"line":52,"column":25},"end":{"line":52,"column":39}},{"start":{"line":52,"column":39},"end":{"line":52,"column":51}}],"line":52}},"s":{"0":0,"1":0,"2":0,"3":0,"4":0,"5":0,"6":0,"7":0,"8":0,"9":0,"10":0,"11":0,"12":0},"f":{"0":0,"1":0,"2":0,"3":0,"4":0,"5":0},"b":{"0":[0,0],"1":[0,0,0]},"meta":{"lastBranch":2,"lastFunction":6,"lastStatement":13,"seen":{"f:10:4:10:16":0,"s:11:8:11:Infinity":0,"s:8:4:8:Infinity":1,"f:14:4:14:26":1,"s:14:28:14:56":2,"f:15:4:15:29":2,"s:15:31:15:53":3,"f:16:4:16:22":3,"s:16:24:16:40":4,"f:18:11:18:42":4,"s:19:8:43:Infinity":5,"f:46:14:46:29":5,"s:47:25:47:Infinity":6,"s:48:26:48:Infinity":7,"s:49:26:49:Infinity":8,"s:50:27:50:Infinity":9,"b:52:8:52:Infinity:undefined:undefined:undefined:undefined":0,"s:52:8:52:Infinity":10,"b:52:12:52:25:52:25:52:39:52:39:52:51":1,"s:52:52:52:64":11,"s:54:8:58:Infinity":12}}}
,"/app/src/views/tree-chart-view.ts": {"path":"/app/src/views/tree-chart-view.ts","statementMap":{"0":{"start":{"line":11,"column":8},"end":{"line":11,"column":null}},"1":{"start":{"line":8,"column":4},"end":{"line":8,"column":null}},"2":{"start":{"line":14,"column":28},"end":{"line":14,"column":49}},"3":{"start":{"line":15,"column":31},"end":{"line":15,"column":46}},"4":{"start":{"line":16,"column":24},"end":{"line":16,"column":42}},"5":{"start":{"line":19,"column":8},"end":{"line":26,"column":null}},"6":{"start":{"line":30,"column":25},"end":{"line":30,"column":null}},"7":{"start":{"line":31,"column":8},"end":{"line":31,"column":null}},"8":{"start":{"line":31,"column":24},"end":{"line":31,"column":36}},"9":{"start":{"line":33,"column":8},"end":{"line":33,"column":null}}},"fnMap":{"0":{"name":"(anonymous_0)","decl":{"start":{"line":10,"column":4},"end":{"line":10,"column":16}},"loc":{"start":{"line":10,"column":91},"end":{"line":12,"column":null}},"line":10},"1":{"name":"(anonymous_1)","decl":{"start":{"line":14,"column":4},"end":{"line":14,"column":26}},"loc":{"start":{"line":14,"column":26},"end":{"line":14,"column":null}},"line":14},"2":{"name":"(anonymous_2)","decl":{"start":{"line":15,"column":4},"end":{"line":15,"column":29}},"loc":{"start":{"line":15,"column":29},"end":{"line":15,"column":null}},"line":15},"3":{"name":"(anonymous_3)","decl":{"start":{"line":16,"column":4},"end":{"line":16,"column":22}},"loc":{"start":{"line":16,"column":22},"end":{"line":16,"column":null}},"line":16},"4":{"name":"(anonymous_4)","decl":{"start":{"line":18,"column":11},"end":{"line":18,"column":42}},"loc":{"start":{"line":18,"column":42},"end":{"line":27,"column":null}},"line":18},"5":{"name":"(anonymous_5)","decl":{"start":{"line":29,"column":14},"end":{"line":29,"column":29}},"loc":{"start":{"line":29,"column":84},"end":{"line":34,"column":null}},"line":29}},"branchMap":{"0":{"loc":{"start":{"line":31,"column":8},"end":{"line":31,"column":null}},"type":"if","locations":[{"start":{"line":31,"column":8},"end":{"line":31,"column":null}},{"start":{},"end":{}}],"line":31}},"s":{"0":0,"1":0,"2":0,"3":0,"4":0,"5":0,"6":0,"7":0,"8":0,"9":0},"f":{"0":0,"1":0,"2":0,"3":0,"4":0,"5":0},"b":{"0":[0,0]},"meta":{"lastBranch":1,"lastFunction":6,"lastStatement":10,"seen":{"f:10:4:10:16":0,"s:11:8:11:Infinity":0,"s:8:4:8:Infinity":1,"f:14:4:14:26":1,"s:14:28:14:49":2,"f:15:4:15:29":2,"s:15:31:15:46":3,"f:16:4:16:22":3,"s:16:24:16:42":4,"f:18:11:18:42":4,"s:19:8:26:Infinity":5,"f:29:14:29:29":5,"s:30:25:30:Infinity":6,"b:31:8:31:Infinity:undefined:undefined:undefined:undefined":0,"s:31:8:31:Infinity":7,"s:31:24:31:36":8,"s:33:8:33:Infinity":9}}}
,"/app/src/views/treemap-chart-view.ts": {"path":"/app/src/views/treemap-chart-view.ts","statementMap":{"0":{"start":{"line":14,"column":8},"end":{"line":14,"column":null}},"1":{"start":{"line":11,"column":4},"end":{"line":11,"column":null}},"2":{"start":{"line":18,"column":8},"end":{"line":18,"column":null}},"3":{"start":{"line":22,"column":8},"end":{"line":22,"column":null}},"4":{"start":{"line":26,"column":8},"end":{"line":26,"column":null}},"5":{"start":{"line":30,"column":8},"end":{"line":43,"column":null}},"6":{"start":{"line":47,"column":25},"end":{"line":47,"column":null}},"7":{"start":{"line":48,"column":26},"end":{"line":48,"column":null}},"8":{"start":{"line":50,"column":8},"end":{"line":52,"column":null}},"9":{"start":{"line":51,"column":12},"end":{"line":51,"column":null}},"10":{"start":{"line":54,"column":8},"end":{"line":54,"column":null}}},"fnMap":{"0":{"name":"(anonymous_0)","decl":{"start":{"line":13,"column":4},"end":{"line":13,"column":16}},"loc":{"start":{"line":13,"column":91},"end":{"line":15,"column":null}},"line":13},"1":{"name":"(anonymous_1)","decl":{"start":{"line":17,"column":4},"end":{"line":17,"column":26}},"loc":{"start":{"line":17,"column":26},"end":{"line":19,"column":null}},"line":17},"2":{"name":"(anonymous_2)","decl":{"start":{"line":21,"column":4},"end":{"line":21,"column":29}},"loc":{"start":{"line":21,"column":29},"end":{"line":23,"column":null}},"line":21},"3":{"name":"(anonymous_3)","decl":{"start":{"line":25,"column":4},"end":{"line":25,"column":22}},"loc":{"start":{"line":25,"column":22},"end":{"line":27,"column":null}},"line":25},"4":{"name":"(anonymous_4)","decl":{"start":{"line":29,"column":11},"end":{"line":29,"column":42}},"loc":{"start":{"line":29,"column":42},"end":{"line":44,"column":null}},"line":29},"5":{"name":"(anonymous_5)","decl":{"start":{"line":46,"column":14},"end":{"line":46,"column":29}},"loc":{"start":{"line":46,"column":84},"end":{"line":55,"column":null}},"line":46}},"branchMap":{"0":{"loc":{"start":{"line":50,"column":8},"end":{"line":52,"column":null}},"type":"if","locations":[{"start":{"line":50,"column":8},"end":{"line":52,"column":null}},{"start":{},"end":{}}],"line":50},"1":{"loc":{"start":{"line":50,"column":12},"end":{"line":50,"column":37}},"type":"binary-expr","locations":[{"start":{"line":50,"column":12},"end":{"line":50,"column":25}},{"start":{"line":50,"column":25},"end":{"line":50,"column":37}}],"line":50}},"s":{"0":0,"1":0,"2":0,"3":0,"4":0,"5":0,"6":0,"7":0,"8":0,"9":0,"10":0},"f":{"0":0,"1":0,"2":0,"3":0,"4":0,"5":0},"b":{"0":[0,0],"1":[0,0]},"meta":{"lastBranch":2,"lastFunction":6,"lastStatement":11,"seen":{"f:13:4:13:16":0,"s:14:8:14:Infinity":0,"s:11:4:11:Infinity":1,"f:17:4:17:26":1,"s:18:8:18:Infinity":2,"f:21:4:21:29":2,"s:22:8:22:Infinity":3,"f:25:4:25:22":3,"s:26:8:26:Infinity":4,"f:29:11:29:42":4,"s:30:8:43:Infinity":5,"f:46:14:46:29":5,"s:47:25:47:Infinity":6,"s:48:26:48:Infinity":7,"b:50:8:52:Infinity:undefined:undefined:undefined:undefined":0,"s:50:8:52:Infinity":8,"b:50:12:50:25:50:25:50:37":1,"s:51:12:51:Infinity":9,"s:54:8:54:Infinity":10}}}
}
